[2.398s] Invoking command in '/home/pi/turtlebot3_ws/build/sllidar_ros2': CMAKE_PREFIX_PATH=${CMAKE_PREFIX_PATH}:/home/pi/turtlebot3_ws/install/turtlebot3_teleop:/home/pi/turtlebot3_ws/install/turtlebot3_example:/opt/ros/jazzy /usr/bin/cmake --build /home/pi/turtlebot3_ws/build/sllidar_ros2 -- -j4 -l4
[2.922s] [ 10%] Built target sllidar_client
[3.083s] [100%] Built target sllidar_node
[3.177s] Invoked command in '/home/pi/turtlebot3_ws/build/sllidar_ros2' returned '0': CMAKE_PREFIX_PATH=${CMAKE_PREFIX_PATH}:/home/pi/turtlebot3_ws/install/turtlebot3_teleop:/home/pi/turtlebot3_ws/install/turtlebot3_example:/opt/ros/jazzy /usr/bin/cmake --build /home/pi/turtlebot3_ws/build/sllidar_ros2 -- -j4 -l4
[3.186s] Invoking command in '/home/pi/turtlebot3_ws/build/sllidar_ros2': CMAKE_PREFIX_PATH=${CMAKE_PREFIX_PATH}:/home/pi/turtlebot3_ws/install/turtlebot3_teleop:/home/pi/turtlebot3_ws/install/turtlebot3_example:/opt/ros/jazzy /usr/bin/cmake --install /home/pi/turtlebot3_ws/build/sllidar_ros2
[3.307s] -- Install configuration: ""
[3.313s] -- Execute custom install script
[3.316s] -- Up-to-date symlink: /home/pi/turtlebot3_ws/install/sllidar_ros2/share/sllidar_ros2/launch/sllidar_a1_launch.py
[3.318s] -- Up-to-date symlink: /home/pi/turtlebot3_ws/install/sllidar_ros2/share/sllidar_ros2/launch/sllidar_a2m12_launch .py
[3.322s] -- Up-to-date symlink: /home/pi/turtlebot3_ws/install/sllidar_ros2/share/sllidar_ros2/launch/sllidar_a2m7_launch.py
[3.325s] -- Up-to-date symlink: /home/pi/turtlebot3_ws/install/sllidar_ros2/share/sllidar_ros2/launch/sllidar_a2m8_launch.py
[3.329s] -- Up-to-date symlink: /home/pi/turtlebot3_ws/install/sllidar_ros2/share/sllidar_ros2/launch/sllidar_a3_launch.py
[3.342s] -- Up-to-date symlink: /home/pi/turtlebot3_ws/install/sllidar_ros2/share/sllidar_ros2/launch/sllidar_c1_launch.py
[3.343s] -- Up-to-date symlink: /home/pi/turtlebot3_ws/install/sllidar_ros2/share/sllidar_ros2/launch/sllidar_s1_launch.py
[3.346s] -- Up-to-date symlink: /home/pi/turtlebot3_ws/install/sllidar_ros2/share/sllidar_ros2/launch/sllidar_s1_tcp_launch.py
[3.347s] -- Up-to-date symlink: /home/pi/turtlebot3_ws/install/sllidar_ros2/share/sllidar_ros2/launch/sllidar_s2_launch.py
[3.351s] -- Up-to-date symlink: /home/pi/turtlebot3_ws/install/sllidar_ros2/share/sllidar_ros2/launch/sllidar_s2e_launch.py
[3.352s] -- Up-to-date symlink: /home/pi/turtlebot3_ws/install/sllidar_ros2/share/sllidar_ros2/launch/sllidar_s3_launch.py
[3.356s] -- Up-to-date symlink: /home/pi/turtlebot3_ws/install/sllidar_ros2/share/sllidar_ros2/launch/sllidar_t1_launch.py
[3.358s] -- Up-to-date symlink: /home/pi/turtlebot3_ws/install/sllidar_ros2/share/sllidar_ros2/launch/view_sllidar_a1_launch.py
[3.359s] -- Up-to-date symlink: /home/pi/turtlebot3_ws/install/sllidar_ros2/share/sllidar_ros2/launch/view_sllidar_a2m12_launch.py
[3.360s] -- Up-to-date symlink: /home/pi/turtlebot3_ws/install/sllidar_ros2/share/sllidar_ros2/launch/view_sllidar_a2m7_launch.py
[3.360s] -- Up-to-date symlink: /home/pi/turtlebot3_ws/install/sllidar_ros2/share/sllidar_ros2/launch/view_sllidar_a2m8_launch.py
[3.360s] -- Up-to-date symlink: /home/pi/turtlebot3_ws/install/sllidar_ros2/share/sllidar_ros2/launch/view_sllidar_a3_launch.py
[3.366s] -- Up-to-date symlink: /home/pi/turtlebot3_ws/install/sllidar_ros2/share/sllidar_ros2/launch/view_sllidar_c1_launch.py
[3.367s] -- Up-to-date symlink: /home/pi/turtlebot3_ws/install/sllidar_ros2/share/sllidar_ros2/launch/view_sllidar_s1_launch.py
[3.370s] -- Up-to-date symlink: /home/pi/turtlebot3_ws/install/sllidar_ros2/share/sllidar_ros2/launch/view_sllidar_s1_tcp_launch.py
[3.371s] -- Up-to-date symlink: /home/pi/turtlebot3_ws/install/sllidar_ros2/share/sllidar_ros2/launch/view_sllidar_s2_launch.py
[3.371s] -- Up-to-date symlink: /home/pi/turtlebot3_ws/install/sllidar_ros2/share/sllidar_ros2/launch/view_sllidar_s2e_launch.py
[3.372s] -- Up-to-date symlink: /home/pi/turtlebot3_ws/install/sllidar_ros2/share/sllidar_ros2/launch/view_sllidar_s3_launch.py
[3.372s] -- Up-to-date symlink: /home/pi/turtlebot3_ws/install/sllidar_ros2/share/sllidar_ros2/launch/view_sllidar_t1_launch.py
[3.377s] -- Up-to-date symlink: /home/pi/turtlebot3_ws/install/sllidar_ros2/share/sllidar_ros2/rviz/sllidar_ros2.rviz
[3.379s] -- Up-to-date symlink: /home/pi/turtlebot3_ws/install/sllidar_ros2/lib/sllidar_ros2/sllidar_node
[3.381s] -- Up-to-date symlink: /home/pi/turtlebot3_ws/install/sllidar_ros2/lib/sllidar_ros2/sllidar_client
[3.382s] -- Up-to-date symlink: /home/pi/turtlebot3_ws/install/sllidar_ros2/share/ament_index/resource_index/package_run_dependencies/sllidar_ros2
[3.383s] -- Up-to-date symlink: /home/pi/turtlebot3_ws/install/sllidar_ros2/share/ament_index/resource_index/parent_prefix_path/sllidar_ros2
[3.383s] -- Up-to-date symlink: /home/pi/turtlebot3_ws/install/sllidar_ros2/share/sllidar_ros2/environment/ament_prefix_path.sh
[3.392s] -- Up-to-date symlink: /home/pi/turtlebot3_ws/install/sllidar_ros2/share/sllidar_ros2/environment/ament_prefix_path.dsv
[3.392s] -- Up-to-date symlink: /home/pi/turtlebot3_ws/install/sllidar_ros2/share/sllidar_ros2/environment/path.sh
[3.393s] -- Up-to-date symlink: /home/pi/turtlebot3_ws/install/sllidar_ros2/share/sllidar_ros2/environment/path.dsv
[3.393s] -- Up-to-date symlink: /home/pi/turtlebot3_ws/install/sllidar_ros2/share/sllidar_ros2/local_setup.bash
[3.394s] -- Up-to-date symlink: /home/pi/turtlebot3_ws/install/sllidar_ros2/share/sllidar_ros2/local_setup.sh
[3.395s] -- Up-to-date symlink: /home/pi/turtlebot3_ws/install/sllidar_ros2/share/sllidar_ros2/local_setup.zsh
[3.398s] -- Up-to-date symlink: /home/pi/turtlebot3_ws/install/sllidar_ros2/share/sllidar_ros2/local_setup.dsv
[3.399s] -- Symlinking: /home/pi/turtlebot3_ws/install/sllidar_ros2/share/sllidar_ros2/package.dsv
[3.438s] -- Up-to-date symlink: /home/pi/turtlebot3_ws/install/sllidar_ros2/share/ament_index/resource_index/packages/sllidar_ros2
[3.439s] -- Up-to-date symlink: /home/pi/turtlebot3_ws/install/sllidar_ros2/share/sllidar_ros2/cmake/ament_cmake_export_dependencies-extras.cmake
[3.440s] -- Up-to-date symlink: /home/pi/turtlebot3_ws/install/sllidar_ros2/share/sllidar_ros2/cmake/ament_cmake_export_include_directories-extras.cmake
[3.449s] -- Up-to-date symlink: /home/pi/turtlebot3_ws/install/sllidar_ros2/share/sllidar_ros2/cmake/sllidar_ros2Config.cmake
[3.449s] -- Up-to-date symlink: /home/pi/turtlebot3_ws/install/sllidar_ros2/share/sllidar_ros2/cmake/sllidar_ros2Config-version.cmake
[3.451s] -- Up-to-date symlink: /home/pi/turtlebot3_ws/install/sllidar_ros2/share/sllidar_ros2/package.xml
[3.592s] Invoked command in '/home/pi/turtlebot3_ws/build/sllidar_ros2' returned '0': CMAKE_PREFIX_PATH=${CMAKE_PREFIX_PATH}:/home/pi/turtlebot3_ws/install/turtlebot3_teleop:/home/pi/turtlebot3_ws/install/turtlebot3_example:/opt/ros/jazzy /usr/bin/cmake --install /home/pi/turtlebot3_ws/build/sllidar_ros2
