[2.440s] Invoking command in '/home/pi/turtlebot3_ws/build/sllidar_ros2': CMAKE_PREFIX_PATH=${CMAKE_PREFIX_PATH}:/home/pi/turtlebot3_ws/install/turtlebot3_teleop:/home/pi/turtlebot3_ws/install/turtlebot3_example:/opt/ros/jazzy /usr/bin/cmake --build /home/pi/turtlebot3_ws/build/sllidar_ros2 -- -j4 -l4
[2.993s] [ 10%] Built target sllidar_client
[3.199s] [100%] Built target sllidar_node
[3.315s] Invoked command in '/home/pi/turtlebot3_ws/build/sllidar_ros2' returned '0': CMAKE_PREFIX_PATH=${CMAKE_PREFIX_PATH}:/home/pi/turtlebot3_ws/install/turtlebot3_teleop:/home/pi/turtlebot3_ws/install/turtlebot3_example:/opt/ros/jazzy /usr/bin/cmake --build /home/pi/turtlebot3_ws/build/sllidar_ros2 -- -j4 -l4
[3.322s] Invoking command in '/home/pi/turtlebot3_ws/build/sllidar_ros2': CMAKE_PREFIX_PATH=${CMAKE_PREFIX_PATH}:/home/pi/turtlebot3_ws/install/turtlebot3_teleop:/home/pi/turtlebot3_ws/install/turtlebot3_example:/opt/ros/jazzy /usr/bin/cmake --install /home/pi/turtlebot3_ws/build/sllidar_ros2
[3.408s] -- Install configuration: ""
[3.414s] -- Execute custom install script
[3.421s] -- Up-to-date symlink: /home/pi/turtlebot3_ws/install/sllidar_ros2/share/sllidar_ros2/launch/sllidar_a1_launch.py
[3.425s] -- Up-to-date symlink: /home/pi/turtlebot3_ws/install/sllidar_ros2/share/sllidar_ros2/launch/sllidar_a2m12_launch .py
[3.429s] -- Up-to-date symlink: /home/pi/turtlebot3_ws/install/sllidar_ros2/share/sllidar_ros2/launch/sllidar_a2m7_launch.py
[3.431s] -- Up-to-date symlink: /home/pi/turtlebot3_ws/install/sllidar_ros2/share/sllidar_ros2/launch/sllidar_a2m8_launch.py
[3.440s] -- Up-to-date symlink: /home/pi/turtlebot3_ws/install/sllidar_ros2/share/sllidar_ros2/launch/sllidar_a3_launch.py
[3.443s] -- Up-to-date symlink: /home/pi/turtlebot3_ws/install/sllidar_ros2/share/sllidar_ros2/launch/sllidar_c1_launch.py
[3.446s] -- Up-to-date symlink: /home/pi/turtlebot3_ws/install/sllidar_ros2/share/sllidar_ros2/launch/sllidar_s1_launch.py
[3.447s] -- Up-to-date symlink: /home/pi/turtlebot3_ws/install/sllidar_ros2/share/sllidar_ros2/launch/sllidar_s1_tcp_launch.py
[3.454s] -- Up-to-date symlink: /home/pi/turtlebot3_ws/install/sllidar_ros2/share/sllidar_ros2/launch/sllidar_s2_launch.py
[3.475s] -- Up-to-date symlink: /home/pi/turtlebot3_ws/install/sllidar_ros2/share/sllidar_ros2/launch/sllidar_s2e_launch.py
[3.477s] -- Up-to-date symlink: /home/pi/turtlebot3_ws/install/sllidar_ros2/share/sllidar_ros2/launch/sllidar_s3_launch.py
[3.485s] -- Up-to-date symlink: /home/pi/turtlebot3_ws/install/sllidar_ros2/share/sllidar_ros2/launch/sllidar_t1_launch.py
[3.492s] -- Up-to-date symlink: /home/pi/turtlebot3_ws/install/sllidar_ros2/share/sllidar_ros2/launch/view_sllidar_a1_launch.py
[3.499s] -- Up-to-date symlink: /home/pi/turtlebot3_ws/install/sllidar_ros2/share/sllidar_ros2/launch/view_sllidar_a2m12_launch.py
[3.500s] -- Up-to-date symlink: /home/pi/turtlebot3_ws/install/sllidar_ros2/share/sllidar_ros2/launch/view_sllidar_a2m7_launch.py
[3.502s] -- Up-to-date symlink: /home/pi/turtlebot3_ws/install/sllidar_ros2/share/sllidar_ros2/launch/view_sllidar_a2m8_launch.py
[3.502s] -- Up-to-date symlink: /home/pi/turtlebot3_ws/install/sllidar_ros2/share/sllidar_ros2/launch/view_sllidar_a3_launch.py
[3.503s] -- Up-to-date symlink: /home/pi/turtlebot3_ws/install/sllidar_ros2/share/sllidar_ros2/launch/view_sllidar_c1_launch.py
[3.504s] -- Up-to-date symlink: /home/pi/turtlebot3_ws/install/sllidar_ros2/share/sllidar_ros2/launch/view_sllidar_s1_launch.py
[3.506s] -- Up-to-date symlink: /home/pi/turtlebot3_ws/install/sllidar_ros2/share/sllidar_ros2/launch/view_sllidar_s1_tcp_launch.py
[3.508s] -- Up-to-date symlink: /home/pi/turtlebot3_ws/install/sllidar_ros2/share/sllidar_ros2/launch/view_sllidar_s2_launch.py
[3.509s] -- Up-to-date symlink: /home/pi/turtlebot3_ws/install/sllidar_ros2/share/sllidar_ros2/launch/view_sllidar_s2e_launch.py
[3.509s] -- Up-to-date symlink: /home/pi/turtlebot3_ws/install/sllidar_ros2/share/sllidar_ros2/launch/view_sllidar_s3_launch.py
[3.510s] -- Up-to-date symlink: /home/pi/turtlebot3_ws/install/sllidar_ros2/share/sllidar_ros2/launch/view_sllidar_t1_launch.py
[3.511s] -- Up-to-date symlink: /home/pi/turtlebot3_ws/install/sllidar_ros2/share/sllidar_ros2/rviz/sllidar_ros2.rviz
[3.512s] -- Up-to-date symlink: /home/pi/turtlebot3_ws/install/sllidar_ros2/lib/sllidar_ros2/sllidar_node
[3.512s] -- Up-to-date symlink: /home/pi/turtlebot3_ws/install/sllidar_ros2/lib/sllidar_ros2/sllidar_client
[3.513s] -- Up-to-date symlink: /home/pi/turtlebot3_ws/install/sllidar_ros2/share/ament_index/resource_index/package_run_dependencies/sllidar_ros2
[3.513s] -- Up-to-date symlink: /home/pi/turtlebot3_ws/install/sllidar_ros2/share/ament_index/resource_index/parent_prefix_path/sllidar_ros2
[3.514s] -- Up-to-date symlink: /home/pi/turtlebot3_ws/install/sllidar_ros2/share/sllidar_ros2/environment/ament_prefix_path.sh
[3.515s] -- Up-to-date symlink: /home/pi/turtlebot3_ws/install/sllidar_ros2/share/sllidar_ros2/environment/ament_prefix_path.dsv
[3.516s] -- Up-to-date symlink: /home/pi/turtlebot3_ws/install/sllidar_ros2/share/sllidar_ros2/environment/path.sh
[3.516s] -- Up-to-date symlink: /home/pi/turtlebot3_ws/install/sllidar_ros2/share/sllidar_ros2/environment/path.dsv
[3.517s] -- Up-to-date symlink: /home/pi/turtlebot3_ws/install/sllidar_ros2/share/sllidar_ros2/local_setup.bash
[3.518s] -- Up-to-date symlink: /home/pi/turtlebot3_ws/install/sllidar_ros2/share/sllidar_ros2/local_setup.sh
[3.519s] -- Up-to-date symlink: /home/pi/turtlebot3_ws/install/sllidar_ros2/share/sllidar_ros2/local_setup.zsh
[3.519s] -- Up-to-date symlink: /home/pi/turtlebot3_ws/install/sllidar_ros2/share/sllidar_ros2/local_setup.dsv
[3.520s] -- Symlinking: /home/pi/turtlebot3_ws/install/sllidar_ros2/share/sllidar_ros2/package.dsv
[3.592s] -- Up-to-date symlink: /home/pi/turtlebot3_ws/install/sllidar_ros2/share/ament_index/resource_index/packages/sllidar_ros2
[3.594s] -- Up-to-date symlink: /home/pi/turtlebot3_ws/install/sllidar_ros2/share/sllidar_ros2/cmake/ament_cmake_export_dependencies-extras.cmake
[3.598s] -- Up-to-date symlink: /home/pi/turtlebot3_ws/install/sllidar_ros2/share/sllidar_ros2/cmake/ament_cmake_export_include_directories-extras.cmake
[3.601s] -- Up-to-date symlink: /home/pi/turtlebot3_ws/install/sllidar_ros2/share/sllidar_ros2/cmake/sllidar_ros2Config.cmake
[3.602s] -- Up-to-date symlink: /home/pi/turtlebot3_ws/install/sllidar_ros2/share/sllidar_ros2/cmake/sllidar_ros2Config-version.cmake
[3.603s] -- Up-to-date symlink: /home/pi/turtlebot3_ws/install/sllidar_ros2/share/sllidar_ros2/package.xml
[3.707s] Invoked command in '/home/pi/turtlebot3_ws/build/sllidar_ros2' returned '0': CMAKE_PREFIX_PATH=${CMAKE_PREFIX_PATH}:/home/pi/turtlebot3_ws/install/turtlebot3_teleop:/home/pi/turtlebot3_ws/install/turtlebot3_example:/opt/ros/jazzy /usr/bin/cmake --install /home/pi/turtlebot3_ws/build/sllidar_ros2
