[7.345s] Invoking command in '/home/pi/turtlebot3_ws/build/my_robot_driver': PYTHONPATH=/home/pi/turtlebot3_ws/build/my_robot_driver/prefix_override:/usr/lib/python3/dist-packages/colcon_core/task/python/colcon_distutils_commands:/home/pi/turtlebot3_ws/install/my_robot_driver/lib/python3.12/site-packages:${PYTHONPATH} /usr/bin/python3 -W ignore:setup.py install is deprecated -W ignore:easy_install command is deprecated setup.py develop --editable --build-directory /home/pi/turtlebot3_ws/build/my_robot_driver/build --no-deps symlink_data
[9.442s] running develop
[10.734s] /usr/lib/python3/dist-packages/setuptools/command/easy_install.py:363: UserWarning: Unbuilt egg for pytest-repeat [unknown version] (/usr/lib/python3/dist-packages)
[10.734s]   self.local_index = Environment(self.shadow_path + sys.path)
[11.024s] running egg_info
[11.024s] creating my_robot_driver.egg-info
[11.150s] writing my_robot_driver.egg-info/PKG-INFO
[11.152s] writing dependency_links to my_robot_driver.egg-info/dependency_links.txt
[11.156s] writing entry points to my_robot_driver.egg-info/entry_points.txt
[11.156s] writing requirements to my_robot_driver.egg-info/requires.txt
[11.157s] writing top-level names to my_robot_driver.egg-info/top_level.txt
[11.158s] writing manifest file 'my_robot_driver.egg-info/SOURCES.txt'
[11.470s] reading manifest file 'my_robot_driver.egg-info/SOURCES.txt'
[11.475s] writing manifest file 'my_robot_driver.egg-info/SOURCES.txt'
[11.696s] running build_ext
[11.697s] Creating /home/pi/turtlebot3_ws/install/my_robot_driver/lib/python3.12/site-packages/my-robot-driver.egg-link (link to .)
[11.699s] Installing imu_node script to /home/pi/turtlebot3_ws/install/my_robot_driver/lib/my_robot_driver
[11.701s] 
[11.702s] Installed /home/pi/turtlebot3_ws/build/my_robot_driver
[11.703s] running symlink_data
[11.704s] creating /home/pi/turtlebot3_ws/install/my_robot_driver/share
[11.705s] creating /home/pi/turtlebot3_ws/install/my_robot_driver/share/ament_index
[11.706s] creating /home/pi/turtlebot3_ws/install/my_robot_driver/share/ament_index/resource_index
[11.707s] creating /home/pi/turtlebot3_ws/install/my_robot_driver/share/ament_index/resource_index/packages
[11.709s] symbolically linking /home/pi/turtlebot3_ws/build/my_robot_driver/resource/my_robot_driver -> /home/pi/turtlebot3_ws/install/my_robot_driver/share/ament_index/resource_index/packages
[11.710s] creating /home/pi/turtlebot3_ws/install/my_robot_driver/share/my_robot_driver
[11.713s] symbolically linking /home/pi/turtlebot3_ws/build/my_robot_driver/package.xml -> /home/pi/turtlebot3_ws/install/my_robot_driver/share/my_robot_driver
[11.715s] creating /home/pi/turtlebot3_ws/install/my_robot_driver/share/my_robot_driver/launch
[11.717s] symbolically linking /home/pi/turtlebot3_ws/build/my_robot_driver/launch/sensors_launch.py -> /home/pi/turtlebot3_ws/install/my_robot_driver/share/my_robot_driver/launch
[11.893s] Invoked command in '/home/pi/turtlebot3_ws/build/my_robot_driver' returned '0': PYTHONPATH=/home/pi/turtlebot3_ws/build/my_robot_driver/prefix_override:/usr/lib/python3/dist-packages/colcon_core/task/python/colcon_distutils_commands:/home/pi/turtlebot3_ws/install/my_robot_driver/lib/python3.12/site-packages:${PYTHONPATH} /usr/bin/python3 -W ignore:setup.py install is deprecated -W ignore:easy_install command is deprecated setup.py develop --editable --build-directory /home/pi/turtlebot3_ws/build/my_robot_driver/build --no-deps symlink_data
