[0.076s] Invoking command in '/home/pi/turtlebot3_ws/build/ld08_driver': CMAKE_PREFIX_PATH=${CMAKE_PREFIX_PATH}:/opt/ros/jazzy /usr/bin/cmake --build /home/pi/turtlebot3_ws/build/ld08_driver -- -j4 -l4
[1.141s] [100%] Built target ld08_driver
[1.204s] Invoked command in '/home/pi/turtlebot3_ws/build/ld08_driver' returned '0': CMAKE_PREFIX_PATH=${CMAKE_PREFIX_PATH}:/opt/ros/jazzy /usr/bin/cmake --build /home/pi/turtlebot3_ws/build/ld08_driver -- -j4 -l4
[1.273s] Invoking command in '/home/pi/turtlebot3_ws/build/ld08_driver': CMAKE_PREFIX_PATH=${CMAKE_PREFIX_PATH}:/opt/ros/jazzy /usr/bin/cmake --install /home/pi/turtlebot3_ws/build/ld08_driver
[1.324s] -- Install configuration: ""
[1.327s] -- Execute custom install script
[1.339s] -- Up-to-date symlink: /home/pi/turtlebot3_ws/install/ld08_driver/share/ld08_driver/launch/ld08.launch.py
[1.343s] -- Up-to-date symlink: /home/pi/turtlebot3_ws/install/ld08_driver/lib/ld08_driver/ld08_driver
[1.347s] -- Up-to-date symlink: /home/pi/turtlebot3_ws/install/ld08_driver/share/ament_index/resource_index/package_run_dependencies/ld08_driver
[1.350s] -- Up-to-date symlink: /home/pi/turtlebot3_ws/install/ld08_driver/share/ament_index/resource_index/parent_prefix_path/ld08_driver
[1.352s] -- Up-to-date symlink: /home/pi/turtlebot3_ws/install/ld08_driver/share/ld08_driver/environment/ament_prefix_path.sh
[1.354s] -- Up-to-date symlink: /home/pi/turtlebot3_ws/install/ld08_driver/share/ld08_driver/environment/ament_prefix_path.dsv
[1.356s] -- Up-to-date symlink: /home/pi/turtlebot3_ws/install/ld08_driver/share/ld08_driver/environment/path.sh
[1.357s] -- Up-to-date symlink: /home/pi/turtlebot3_ws/install/ld08_driver/share/ld08_driver/environment/path.dsv
[1.359s] -- Up-to-date symlink: /home/pi/turtlebot3_ws/install/ld08_driver/share/ld08_driver/local_setup.bash
[1.361s] -- Up-to-date symlink: /home/pi/turtlebot3_ws/install/ld08_driver/share/ld08_driver/local_setup.sh
[1.362s] -- Up-to-date symlink: /home/pi/turtlebot3_ws/install/ld08_driver/share/ld08_driver/local_setup.zsh
[1.364s] -- Up-to-date symlink: /home/pi/turtlebot3_ws/install/ld08_driver/share/ld08_driver/local_setup.dsv
[1.365s] -- Symlinking: /home/pi/turtlebot3_ws/install/ld08_driver/share/ld08_driver/package.dsv
[1.423s] -- Up-to-date symlink: /home/pi/turtlebot3_ws/install/ld08_driver/share/ament_index/resource_index/packages/ld08_driver
[1.425s] -- Up-to-date symlink: /home/pi/turtlebot3_ws/install/ld08_driver/share/ld08_driver/cmake/ament_cmake_export_dependencies-extras.cmake
[1.427s] -- Up-to-date symlink: /home/pi/turtlebot3_ws/install/ld08_driver/share/ld08_driver/cmake/ament_cmake_export_include_directories-extras.cmake
[1.428s] -- Up-to-date symlink: /home/pi/turtlebot3_ws/install/ld08_driver/share/ld08_driver/cmake/ld08_driverConfig.cmake
[1.430s] -- Up-to-date symlink: /home/pi/turtlebot3_ws/install/ld08_driver/share/ld08_driver/cmake/ld08_driverConfig-version.cmake
[1.431s] -- Up-to-date symlink: /home/pi/turtlebot3_ws/install/ld08_driver/share/ld08_driver/package.xml
[1.439s] Invoked command in '/home/pi/turtlebot3_ws/build/ld08_driver' returned '0': CMAKE_PREFIX_PATH=${CMAKE_PREFIX_PATH}:/opt/ros/jazzy /usr/bin/cmake --install /home/pi/turtlebot3_ws/build/ld08_driver
