[0.126s] Invoking command in '/home/pi/turtlebot3_ws/build/turtlebot3_description': CMAKE_PREFIX_PATH=${CMAKE_PREFIX_PATH}:/home/pi/turtlebot3_ws/install/my_robot_driver:/home/pi/turtlebot3_ws/install/turtlebot3_teleop:/home/pi/turtlebot3_ws/install/turtlebot3_example:/opt/ros/jazzy /usr/bin/cmake --build /home/pi/turtlebot3_ws/build/turtlebot3_description -- -j4 -l4
[0.643s] -- Found ament_cmake: 2.5.5 (/opt/ros/jazzy/share/ament_cmake/cmake)
[2.379s] -- Override CMake install command with custom implementation using symlinks instead of copying resources
[2.435s] -- Found urdf: 2.10.0 (/opt/ros/jazzy/share/urdf/cmake)
[2.686s] -- Found TinyXML2 via Config file: /usr/lib/aarch64-linux-gnu/cmake/tinyxml2
[3.484s] -- Configuring done (2.9s)
[3.526s] -- Generating done (0.0s)
[3.554s] -- Build files have been written to: /home/pi/turtlebot3_ws/build/turtlebot3_description
[4.006s] Invoked command in '/home/pi/turtlebot3_ws/build/turtlebot3_description' returned '0': CMAKE_PREFIX_PATH=${CMAKE_PREFIX_PATH}:/home/pi/turtlebot3_ws/install/my_robot_driver:/home/pi/turtlebot3_ws/install/turtlebot3_teleop:/home/pi/turtlebot3_ws/install/turtlebot3_example:/opt/ros/jazzy /usr/bin/cmake --build /home/pi/turtlebot3_ws/build/turtlebot3_description -- -j4 -l4
[4.013s] Invoking command in '/home/pi/turtlebot3_ws/build/turtlebot3_description': CMAKE_PREFIX_PATH=${CMAKE_PREFIX_PATH}:/home/pi/turtlebot3_ws/install/my_robot_driver:/home/pi/turtlebot3_ws/install/turtlebot3_teleop:/home/pi/turtlebot3_ws/install/turtlebot3_example:/opt/ros/jazzy /usr/bin/cmake --install /home/pi/turtlebot3_ws/build/turtlebot3_description
[5.354s] -- Install configuration: ""
[5.357s] -- Execute custom install script
[5.358s] -- Up-to-date symlink: /home/pi/turtlebot3_ws/install/turtlebot3_description/share/turtlebot3_description/meshes/bases/burger_base.stl
[5.359s] -- Up-to-date symlink: /home/pi/turtlebot3_ws/install/turtlebot3_description/share/turtlebot3_description/meshes/bases/waffle_base.stl
[5.359s] -- Up-to-date symlink: /home/pi/turtlebot3_ws/install/turtlebot3_description/share/turtlebot3_description/meshes/bases/waffle_pi_base.stl
[5.359s] -- Up-to-date symlink: /home/pi/turtlebot3_ws/install/turtlebot3_description/share/turtlebot3_description/meshes/sensors/astra.dae
[5.361s] -- Up-to-date symlink: /home/pi/turtlebot3_ws/install/turtlebot3_description/share/turtlebot3_description/meshes/sensors/astra.jpg
[5.361s] -- Up-to-date symlink: /home/pi/turtlebot3_ws/install/turtlebot3_description/share/turtlebot3_description/meshes/sensors/lds.stl
[5.362s] -- Up-to-date symlink: /home/pi/turtlebot3_ws/install/turtlebot3_description/share/turtlebot3_description/meshes/sensors/r200.dae
[5.362s] -- Up-to-date symlink: /home/pi/turtlebot3_ws/install/turtlebot3_description/share/turtlebot3_description/meshes/sensors/r200.jpg
[5.363s] -- Up-to-date symlink: /home/pi/turtlebot3_ws/install/turtlebot3_description/share/turtlebot3_description/meshes/wheels/left_tire.stl
[5.363s] -- Up-to-date symlink: /home/pi/turtlebot3_ws/install/turtlebot3_description/share/turtlebot3_description/meshes/wheels/right_tire.stl
[5.364s] -- Up-to-date symlink: /home/pi/turtlebot3_ws/install/turtlebot3_description/share/turtlebot3_description/rviz/model.rviz
[5.364s] -- Up-to-date symlink: /home/pi/turtlebot3_ws/install/turtlebot3_description/share/turtlebot3_description/urdf/common_properties.urdf
[5.365s] -- Up-to-date symlink: /home/pi/turtlebot3_ws/install/turtlebot3_description/share/turtlebot3_description/urdf/turtlebot3_burger.urdf
[5.365s] -- Up-to-date symlink: /home/pi/turtlebot3_ws/install/turtlebot3_description/share/turtlebot3_description/urdf/turtlebot3_waffle.urdf
[5.366s] -- Up-to-date symlink: /home/pi/turtlebot3_ws/install/turtlebot3_description/share/turtlebot3_description/urdf/turtlebot3_waffle_pi.urdf
[5.366s] -- Up-to-date symlink: /home/pi/turtlebot3_ws/install/turtlebot3_description/share/ament_index/resource_index/package_run_dependencies/turtlebot3_description
[5.367s] -- Up-to-date symlink: /home/pi/turtlebot3_ws/install/turtlebot3_description/share/ament_index/resource_index/parent_prefix_path/turtlebot3_description
[5.368s] -- Up-to-date symlink: /home/pi/turtlebot3_ws/install/turtlebot3_description/share/turtlebot3_description/environment/ament_prefix_path.sh
[5.368s] -- Up-to-date symlink: /home/pi/turtlebot3_ws/install/turtlebot3_description/share/turtlebot3_description/environment/ament_prefix_path.dsv
[5.369s] -- Up-to-date symlink: /home/pi/turtlebot3_ws/install/turtlebot3_description/share/turtlebot3_description/environment/path.sh
[5.370s] -- Up-to-date symlink: /home/pi/turtlebot3_ws/install/turtlebot3_description/share/turtlebot3_description/environment/path.dsv
[5.371s] -- Up-to-date symlink: /home/pi/turtlebot3_ws/install/turtlebot3_description/share/turtlebot3_description/local_setup.bash
[5.371s] -- Up-to-date symlink: /home/pi/turtlebot3_ws/install/turtlebot3_description/share/turtlebot3_description/local_setup.sh
[5.372s] -- Up-to-date symlink: /home/pi/turtlebot3_ws/install/turtlebot3_description/share/turtlebot3_description/local_setup.zsh
[5.373s] -- Up-to-date symlink: /home/pi/turtlebot3_ws/install/turtlebot3_description/share/turtlebot3_description/local_setup.dsv
[5.373s] -- Symlinking: /home/pi/turtlebot3_ws/install/turtlebot3_description/share/turtlebot3_description/package.dsv
[5.374s] -- Up-to-date symlink: /home/pi/turtlebot3_ws/install/turtlebot3_description/share/ament_index/resource_index/packages/turtlebot3_description
[5.375s] -- Up-to-date symlink: /home/pi/turtlebot3_ws/install/turtlebot3_description/share/turtlebot3_description/cmake/turtlebot3_descriptionConfig.cmake
[5.375s] -- Up-to-date symlink: /home/pi/turtlebot3_ws/install/turtlebot3_description/share/turtlebot3_description/cmake/turtlebot3_descriptionConfig-version.cmake
[5.376s] -- Up-to-date symlink: /home/pi/turtlebot3_ws/install/turtlebot3_description/share/turtlebot3_description/package.xml
[6.549s] Invoked command in '/home/pi/turtlebot3_ws/build/turtlebot3_description' returned '0': CMAKE_PREFIX_PATH=${CMAKE_PREFIX_PATH}:/home/pi/turtlebot3_ws/install/my_robot_driver:/home/pi/turtlebot3_ws/install/turtlebot3_teleop:/home/pi/turtlebot3_ws/install/turtlebot3_example:/opt/ros/jazzy /usr/bin/cmake --install /home/pi/turtlebot3_ws/build/turtlebot3_description
