[0.075s] Invoking command in '/home/pi/turtlebot3_ws/build/turtlebot3_cartographer': CMAKE_PREFIX_PATH=${CMAKE_PREFIX_PATH}:/opt/ros/jazzy /usr/bin/cmake /home/pi/turtlebot3_ws/src/turtlebot3/turtlebot3_cartographer -DAMENT_CMAKE_SYMLINK_INSTALL=1 -DCMAKE_INSTALL_PREFIX=/home/pi/turtlebot3_ws/install/turtlebot3_cartographer
[1.568s] -- The C compiler identification is GNU 13.3.0
[2.803s] -- The CXX compiler identification is GNU 13.3.0
[2.993s] -- Detecting C compiler ABI info
[3.631s] -- Detecting C compiler ABI info - done
[3.673s] -- Check for working C compiler: /usr/bin/cc - skipped
[3.673s] -- Detecting C compile features
[3.676s] -- Detecting C compile features - done
[3.728s] -- Detecting CXX compiler ABI info
[4.366s] -- Detecting CXX compiler ABI info - done
[4.409s] -- Check for working CXX compiler: /usr/bin/c++ - skipped
[4.411s] -- Detecting CXX compile features
[4.412s] -- Detecting CXX compile features - done
[4.469s] -- Found ament_cmake: 2.5.5 (/opt/ros/jazzy/share/ament_cmake/cmake)
[5.612s] -- Found Python3: /usr/bin/python3 (found version "3.12.3") found components: Interpreter 
[6.186s] -- Override CMake install command with custom implementation using symlinks instead of copying resources
[7.157s] -- Configuring done (6.8s)
[7.180s] -- Generating done (0.0s)
[7.191s] -- Build files have been written to: /home/pi/turtlebot3_ws/build/turtlebot3_cartographer
[7.223s] Invoked command in '/home/pi/turtlebot3_ws/build/turtlebot3_cartographer' returned '0': CMAKE_PREFIX_PATH=${CMAKE_PREFIX_PATH}:/opt/ros/jazzy /usr/bin/cmake /home/pi/turtlebot3_ws/src/turtlebot3/turtlebot3_cartographer -DAMENT_CMAKE_SYMLINK_INSTALL=1 -DCMAKE_INSTALL_PREFIX=/home/pi/turtlebot3_ws/install/turtlebot3_cartographer
[7.224s] Invoking command in '/home/pi/turtlebot3_ws/build/turtlebot3_cartographer': CMAKE_PREFIX_PATH=${CMAKE_PREFIX_PATH}:/opt/ros/jazzy /usr/bin/cmake --build /home/pi/turtlebot3_ws/build/turtlebot3_cartographer -- -j4 -l4
[7.459s] Invoked command in '/home/pi/turtlebot3_ws/build/turtlebot3_cartographer' returned '0': CMAKE_PREFIX_PATH=${CMAKE_PREFIX_PATH}:/opt/ros/jazzy /usr/bin/cmake --build /home/pi/turtlebot3_ws/build/turtlebot3_cartographer -- -j4 -l4
[7.517s] Invoking command in '/home/pi/turtlebot3_ws/build/turtlebot3_cartographer': CMAKE_PREFIX_PATH=${CMAKE_PREFIX_PATH}:/opt/ros/jazzy /usr/bin/cmake --install /home/pi/turtlebot3_ws/build/turtlebot3_cartographer
[7.568s] -- Install configuration: ""
[7.569s] -- Execute custom install script
[7.572s] -- Symlinking: /home/pi/turtlebot3_ws/install/turtlebot3_cartographer/share/turtlebot3_cartographer/config/turtlebot3_lds_2d.lua
[7.679s] -- Symlinking: /home/pi/turtlebot3_ws/install/turtlebot3_cartographer/share/turtlebot3_cartographer/launch/cartographer.launch.py
[7.748s] -- Symlinking: /home/pi/turtlebot3_ws/install/turtlebot3_cartographer/share/turtlebot3_cartographer/launch/occupancy_grid.launch.py
[7.820s] -- Symlinking: /home/pi/turtlebot3_ws/install/turtlebot3_cartographer/share/turtlebot3_cartographer/rviz/tb3_cartographer.rviz
[7.871s] -- Symlinking: /home/pi/turtlebot3_ws/install/turtlebot3_cartographer/share/ament_index/resource_index/package_run_dependencies/turtlebot3_cartographer
[7.929s] -- Symlinking: /home/pi/turtlebot3_ws/install/turtlebot3_cartographer/share/ament_index/resource_index/parent_prefix_path/turtlebot3_cartographer
[7.982s] -- Symlinking: /home/pi/turtlebot3_ws/install/turtlebot3_cartographer/share/turtlebot3_cartographer/environment/ament_prefix_path.sh
[8.034s] -- Symlinking: /home/pi/turtlebot3_ws/install/turtlebot3_cartographer/share/turtlebot3_cartographer/environment/ament_prefix_path.dsv
[8.088s] -- Symlinking: /home/pi/turtlebot3_ws/install/turtlebot3_cartographer/share/turtlebot3_cartographer/environment/path.sh
[8.153s] -- Symlinking: /home/pi/turtlebot3_ws/install/turtlebot3_cartographer/share/turtlebot3_cartographer/environment/path.dsv
[8.211s] -- Symlinking: /home/pi/turtlebot3_ws/install/turtlebot3_cartographer/share/turtlebot3_cartographer/local_setup.bash
[8.267s] -- Symlinking: /home/pi/turtlebot3_ws/install/turtlebot3_cartographer/share/turtlebot3_cartographer/local_setup.sh
[8.321s] -- Symlinking: /home/pi/turtlebot3_ws/install/turtlebot3_cartographer/share/turtlebot3_cartographer/local_setup.zsh
[8.377s] -- Symlinking: /home/pi/turtlebot3_ws/install/turtlebot3_cartographer/share/turtlebot3_cartographer/local_setup.dsv
[8.433s] -- Symlinking: /home/pi/turtlebot3_ws/install/turtlebot3_cartographer/share/turtlebot3_cartographer/package.dsv
[8.490s] -- Symlinking: /home/pi/turtlebot3_ws/install/turtlebot3_cartographer/share/ament_index/resource_index/packages/turtlebot3_cartographer
[8.554s] -- Symlinking: /home/pi/turtlebot3_ws/install/turtlebot3_cartographer/share/turtlebot3_cartographer/cmake/turtlebot3_cartographerConfig.cmake
[8.610s] -- Symlinking: /home/pi/turtlebot3_ws/install/turtlebot3_cartographer/share/turtlebot3_cartographer/cmake/turtlebot3_cartographerConfig-version.cmake
[8.666s] -- Symlinking: /home/pi/turtlebot3_ws/install/turtlebot3_cartographer/share/turtlebot3_cartographer/package.xml
[8.729s] Invoked command in '/home/pi/turtlebot3_ws/build/turtlebot3_cartographer' returned '0': CMAKE_PREFIX_PATH=${CMAKE_PREFIX_PATH}:/opt/ros/jazzy /usr/bin/cmake --install /home/pi/turtlebot3_ws/build/turtlebot3_cartographer
