[0.139s] Invoking command in '/home/pi/turtlebot3_ws/build/turtlebot3_msgs': CMAKE_PREFIX_PATH=${CMAKE_PREFIX_PATH}:/home/pi/turtlebot3_ws/install/turtlebot3_teleop:/home/pi/turtlebot3_ws/install/turtlebot3_example:/opt/ros/jazzy /usr/bin/cmake --build /home/pi/turtlebot3_ws/build/turtlebot3_msgs -- -j4 -l4
[0.569s] [  1%] Built target turtlebot3_msgs__rosidl_generator_type_description
[0.766s] [  1%] Built target ament_cmake_python_symlink_turtlebot3_msgs
[0.843s] [  2%] Built target turtlebot3_msgs__cpp
[0.914s] [ 26%] Built target turtlebot3_msgs__rosidl_generator_c
[1.198s] [ 36%] Built target turtlebot3_msgs__rosidl_typesupport_c
[1.208s] [ 45%] Built target turtlebot3_msgs__rosidl_typesupport_fastrtps_cpp
[1.257s] [ 55%] Built target turtlebot3_msgs__rosidl_typesupport_introspection_c
[1.502s] [ 64%] Built target turtlebot3_msgs__rosidl_typesupport_cpp
[1.538s] [ 74%] Built target turtlebot3_msgs__rosidl_typesupport_introspection_cpp
[1.593s] [ 84%] Built target turtlebot3_msgs__rosidl_typesupport_fastrtps_c
[1.774s] [ 84%] Built target turtlebot3_msgs
[1.956s] [ 85%] Built target turtlebot3_msgs__py
[2.145s] [ 93%] Built target turtlebot3_msgs__rosidl_generator_py
[2.339s] [ 95%] Built target turtlebot3_msgs_s__rosidl_typesupport_fastrtps_c
[2.378s] [ 97%] Built target turtlebot3_msgs_s__rosidl_typesupport_c
[2.433s] [100%] Built target turtlebot3_msgs_s__rosidl_typesupport_introspection_c
[2.486s] running egg_info
[2.592s] writing turtlebot3_msgs.egg-info/PKG-INFO
[2.595s] writing dependency_links to turtlebot3_msgs.egg-info/dependency_links.txt
[2.595s] writing top-level names to turtlebot3_msgs.egg-info/top_level.txt
[3.005s] reading manifest file 'turtlebot3_msgs.egg-info/SOURCES.txt'
[3.008s] writing manifest file 'turtlebot3_msgs.egg-info/SOURCES.txt'
[3.195s] [100%] Built target ament_cmake_python_build_turtlebot3_msgs_egg
[3.911s] Invoked command in '/home/pi/turtlebot3_ws/build/turtlebot3_msgs' returned '0': CMAKE_PREFIX_PATH=${CMAKE_PREFIX_PATH}:/home/pi/turtlebot3_ws/install/turtlebot3_teleop:/home/pi/turtlebot3_ws/install/turtlebot3_example:/opt/ros/jazzy /usr/bin/cmake --build /home/pi/turtlebot3_ws/build/turtlebot3_msgs -- -j4 -l4
[3.912s] Invoking command in '/home/pi/turtlebot3_ws/build/turtlebot3_msgs': CMAKE_PREFIX_PATH=${CMAKE_PREFIX_PATH}:/home/pi/turtlebot3_ws/install/turtlebot3_teleop:/home/pi/turtlebot3_ws/install/turtlebot3_example:/opt/ros/jazzy /usr/bin/cmake --install /home/pi/turtlebot3_ws/build/turtlebot3_msgs
[3.999s] -- Install configuration: ""
[4.000s] -- Execute custom install script
[4.006s] -- Up-to-date symlink: /home/pi/turtlebot3_ws/install/turtlebot3_msgs/share/ament_index/resource_index/rosidl_interfaces/turtlebot3_msgs
[4.007s] -- Up-to-date symlink: /home/pi/turtlebot3_ws/install/turtlebot3_msgs/share/turtlebot3_msgs/msg/SensorState.json
[4.013s] -- Up-to-date symlink: /home/pi/turtlebot3_ws/install/turtlebot3_msgs/share/turtlebot3_msgs/msg/Sound.json
[4.015s] -- Up-to-date symlink: /home/pi/turtlebot3_ws/install/turtlebot3_msgs/share/turtlebot3_msgs/msg/VersionInfo.json
[4.016s] -- Up-to-date symlink: /home/pi/turtlebot3_ws/install/turtlebot3_msgs/share/turtlebot3_msgs/srv/Sound.json
[4.023s] -- Up-to-date symlink: /home/pi/turtlebot3_ws/install/turtlebot3_msgs/share/turtlebot3_msgs/srv/Dqn.json
[4.027s] -- Up-to-date symlink: /home/pi/turtlebot3_ws/install/turtlebot3_msgs/share/turtlebot3_msgs/srv/Goal.json
[4.028s] -- Up-to-date symlink: /home/pi/turtlebot3_ws/install/turtlebot3_msgs/share/turtlebot3_msgs/action/Patrol.json
[4.039s] -- Up-to-date symlink: /home/pi/turtlebot3_ws/install/turtlebot3_msgs/include/turtlebot3_msgs/turtlebot3_msgs/action/detail/patrol__functions.h
[4.042s] -- Up-to-date symlink: /home/pi/turtlebot3_ws/install/turtlebot3_msgs/include/turtlebot3_msgs/turtlebot3_msgs/action/detail/patrol__struct.h
[4.044s] -- Up-to-date symlink: /home/pi/turtlebot3_ws/install/turtlebot3_msgs/include/turtlebot3_msgs/turtlebot3_msgs/action/detail/patrol__type_support.h
[4.045s] -- Up-to-date symlink: /home/pi/turtlebot3_ws/install/turtlebot3_msgs/include/turtlebot3_msgs/turtlebot3_msgs/action/patrol.h
[4.050s] -- Up-to-date symlink: /home/pi/turtlebot3_ws/install/turtlebot3_msgs/include/turtlebot3_msgs/turtlebot3_msgs/msg/detail/sensor_state__functions.h
[4.054s] -- Up-to-date symlink: /home/pi/turtlebot3_ws/install/turtlebot3_msgs/include/turtlebot3_msgs/turtlebot3_msgs/msg/detail/sensor_state__struct.h
[4.054s] -- Up-to-date symlink: /home/pi/turtlebot3_ws/install/turtlebot3_msgs/include/turtlebot3_msgs/turtlebot3_msgs/msg/detail/sensor_state__type_support.h
[4.055s] -- Up-to-date symlink: /home/pi/turtlebot3_ws/install/turtlebot3_msgs/include/turtlebot3_msgs/turtlebot3_msgs/msg/detail/sound__functions.h
[4.058s] -- Up-to-date symlink: /home/pi/turtlebot3_ws/install/turtlebot3_msgs/include/turtlebot3_msgs/turtlebot3_msgs/msg/detail/sound__struct.h
[4.062s] -- Up-to-date symlink: /home/pi/turtlebot3_ws/install/turtlebot3_msgs/include/turtlebot3_msgs/turtlebot3_msgs/msg/detail/sound__type_support.h
[4.065s] -- Up-to-date symlink: /home/pi/turtlebot3_ws/install/turtlebot3_msgs/include/turtlebot3_msgs/turtlebot3_msgs/msg/detail/version_info__functions.h
[4.068s] -- Up-to-date symlink: /home/pi/turtlebot3_ws/install/turtlebot3_msgs/include/turtlebot3_msgs/turtlebot3_msgs/msg/detail/version_info__struct.h
[4.072s] -- Up-to-date symlink: /home/pi/turtlebot3_ws/install/turtlebot3_msgs/include/turtlebot3_msgs/turtlebot3_msgs/msg/detail/version_info__type_support.h
[4.074s] -- Up-to-date symlink: /home/pi/turtlebot3_ws/install/turtlebot3_msgs/include/turtlebot3_msgs/turtlebot3_msgs/msg/rosidl_generator_c__visibility_control.h
[4.079s] -- Up-to-date symlink: /home/pi/turtlebot3_ws/install/turtlebot3_msgs/include/turtlebot3_msgs/turtlebot3_msgs/msg/sensor_state.h
[4.080s] -- Up-to-date symlink: /home/pi/turtlebot3_ws/install/turtlebot3_msgs/include/turtlebot3_msgs/turtlebot3_msgs/msg/sound.h
[4.085s] -- Up-to-date symlink: /home/pi/turtlebot3_ws/install/turtlebot3_msgs/include/turtlebot3_msgs/turtlebot3_msgs/msg/version_info.h
[4.086s] -- Up-to-date symlink: /home/pi/turtlebot3_ws/install/turtlebot3_msgs/include/turtlebot3_msgs/turtlebot3_msgs/srv/detail/dqn__functions.h
[4.090s] -- Up-to-date symlink: /home/pi/turtlebot3_ws/install/turtlebot3_msgs/include/turtlebot3_msgs/turtlebot3_msgs/srv/detail/dqn__struct.h
[4.094s] -- Up-to-date symlink: /home/pi/turtlebot3_ws/install/turtlebot3_msgs/include/turtlebot3_msgs/turtlebot3_msgs/srv/detail/dqn__type_support.h
[4.094s] -- Up-to-date symlink: /home/pi/turtlebot3_ws/install/turtlebot3_msgs/include/turtlebot3_msgs/turtlebot3_msgs/srv/detail/goal__functions.h
[4.095s] -- Up-to-date symlink: /home/pi/turtlebot3_ws/install/turtlebot3_msgs/include/turtlebot3_msgs/turtlebot3_msgs/srv/detail/goal__struct.h
[4.095s] -- Up-to-date symlink: /home/pi/turtlebot3_ws/install/turtlebot3_msgs/include/turtlebot3_msgs/turtlebot3_msgs/srv/detail/goal__type_support.h
[4.096s] -- Up-to-date symlink: /home/pi/turtlebot3_ws/install/turtlebot3_msgs/include/turtlebot3_msgs/turtlebot3_msgs/srv/detail/sound__functions.h
[4.103s] -- Up-to-date symlink: /home/pi/turtlebot3_ws/install/turtlebot3_msgs/include/turtlebot3_msgs/turtlebot3_msgs/srv/detail/sound__struct.h
[4.108s] -- Up-to-date symlink: /home/pi/turtlebot3_ws/install/turtlebot3_msgs/include/turtlebot3_msgs/turtlebot3_msgs/srv/detail/sound__type_support.h
[4.110s] -- Up-to-date symlink: /home/pi/turtlebot3_ws/install/turtlebot3_msgs/include/turtlebot3_msgs/turtlebot3_msgs/srv/dqn.h
[4.112s] -- Up-to-date symlink: /home/pi/turtlebot3_ws/install/turtlebot3_msgs/include/turtlebot3_msgs/turtlebot3_msgs/srv/goal.h
[4.119s] -- Up-to-date symlink: /home/pi/turtlebot3_ws/install/turtlebot3_msgs/include/turtlebot3_msgs/turtlebot3_msgs/srv/sound.h
[4.120s] -- Up-to-date symlink: /home/pi/turtlebot3_ws/install/turtlebot3_msgs/share/turtlebot3_msgs/environment/library_path.sh
[4.123s] -- Up-to-date symlink: /home/pi/turtlebot3_ws/install/turtlebot3_msgs/share/turtlebot3_msgs/environment/library_path.dsv
[4.128s] -- Up-to-date symlink: /home/pi/turtlebot3_ws/install/turtlebot3_msgs/include/turtlebot3_msgs/turtlebot3_msgs/action/detail/patrol__rosidl_typesupport_fastrtps_c.h
[4.131s] -- Up-to-date symlink: /home/pi/turtlebot3_ws/install/turtlebot3_msgs/include/turtlebot3_msgs/turtlebot3_msgs/msg/detail/sensor_state__rosidl_typesupport_fastrtps_c.h
[4.133s] -- Up-to-date symlink: /home/pi/turtlebot3_ws/install/turtlebot3_msgs/include/turtlebot3_msgs/turtlebot3_msgs/msg/detail/sound__rosidl_typesupport_fastrtps_c.h
[4.134s] -- Up-to-date symlink: /home/pi/turtlebot3_ws/install/turtlebot3_msgs/include/turtlebot3_msgs/turtlebot3_msgs/msg/detail/version_info__rosidl_typesupport_fastrtps_c.h
[4.136s] -- Up-to-date symlink: /home/pi/turtlebot3_ws/install/turtlebot3_msgs/include/turtlebot3_msgs/turtlebot3_msgs/msg/rosidl_typesupport_fastrtps_c__visibility_control.h
[4.139s] -- Up-to-date symlink: /home/pi/turtlebot3_ws/install/turtlebot3_msgs/include/turtlebot3_msgs/turtlebot3_msgs/srv/detail/dqn__rosidl_typesupport_fastrtps_c.h
[4.139s] -- Up-to-date symlink: /home/pi/turtlebot3_ws/install/turtlebot3_msgs/include/turtlebot3_msgs/turtlebot3_msgs/srv/detail/goal__rosidl_typesupport_fastrtps_c.h
[4.141s] -- Up-to-date symlink: /home/pi/turtlebot3_ws/install/turtlebot3_msgs/include/turtlebot3_msgs/turtlebot3_msgs/srv/detail/sound__rosidl_typesupport_fastrtps_c.h
[4.143s] -- Up-to-date symlink: /home/pi/turtlebot3_ws/install/turtlebot3_msgs/include/turtlebot3_msgs/turtlebot3_msgs/action/detail/patrol__builder.hpp
[4.144s] -- Up-to-date symlink: /home/pi/turtlebot3_ws/install/turtlebot3_msgs/include/turtlebot3_msgs/turtlebot3_msgs/action/detail/patrol__struct.hpp
[4.145s] -- Up-to-date symlink: /home/pi/turtlebot3_ws/install/turtlebot3_msgs/include/turtlebot3_msgs/turtlebot3_msgs/action/detail/patrol__traits.hpp
[4.145s] -- Up-to-date symlink: /home/pi/turtlebot3_ws/install/turtlebot3_msgs/include/turtlebot3_msgs/turtlebot3_msgs/action/detail/patrol__type_support.hpp
[4.149s] -- Up-to-date symlink: /home/pi/turtlebot3_ws/install/turtlebot3_msgs/include/turtlebot3_msgs/turtlebot3_msgs/action/patrol.hpp
[4.150s] -- Up-to-date symlink: /home/pi/turtlebot3_ws/install/turtlebot3_msgs/include/turtlebot3_msgs/turtlebot3_msgs/msg/detail/sensor_state__builder.hpp
[4.150s] -- Up-to-date symlink: /home/pi/turtlebot3_ws/install/turtlebot3_msgs/include/turtlebot3_msgs/turtlebot3_msgs/msg/detail/sensor_state__struct.hpp
[4.151s] -- Up-to-date symlink: /home/pi/turtlebot3_ws/install/turtlebot3_msgs/include/turtlebot3_msgs/turtlebot3_msgs/msg/detail/sensor_state__traits.hpp
[4.155s] -- Up-to-date symlink: /home/pi/turtlebot3_ws/install/turtlebot3_msgs/include/turtlebot3_msgs/turtlebot3_msgs/msg/detail/sensor_state__type_support.hpp
[4.156s] -- Up-to-date symlink: /home/pi/turtlebot3_ws/install/turtlebot3_msgs/include/turtlebot3_msgs/turtlebot3_msgs/msg/detail/sound__builder.hpp
[4.159s] -- Up-to-date symlink: /home/pi/turtlebot3_ws/install/turtlebot3_msgs/include/turtlebot3_msgs/turtlebot3_msgs/msg/detail/sound__struct.hpp
[4.160s] -- Up-to-date symlink: /home/pi/turtlebot3_ws/install/turtlebot3_msgs/include/turtlebot3_msgs/turtlebot3_msgs/msg/detail/sound__traits.hpp
[4.162s] -- Up-to-date symlink: /home/pi/turtlebot3_ws/install/turtlebot3_msgs/include/turtlebot3_msgs/turtlebot3_msgs/msg/detail/sound__type_support.hpp
[4.165s] -- Up-to-date symlink: /home/pi/turtlebot3_ws/install/turtlebot3_msgs/include/turtlebot3_msgs/turtlebot3_msgs/msg/detail/version_info__builder.hpp
[4.168s] -- Up-to-date symlink: /home/pi/turtlebot3_ws/install/turtlebot3_msgs/include/turtlebot3_msgs/turtlebot3_msgs/msg/detail/version_info__struct.hpp
[4.170s] -- Up-to-date symlink: /home/pi/turtlebot3_ws/install/turtlebot3_msgs/include/turtlebot3_msgs/turtlebot3_msgs/msg/detail/version_info__traits.hpp
[4.173s] -- Up-to-date symlink: /home/pi/turtlebot3_ws/install/turtlebot3_msgs/include/turtlebot3_msgs/turtlebot3_msgs/msg/detail/version_info__type_support.hpp
[4.176s] -- Up-to-date symlink: /home/pi/turtlebot3_ws/install/turtlebot3_msgs/include/turtlebot3_msgs/turtlebot3_msgs/msg/rosidl_generator_cpp__visibility_control.hpp
[4.177s] -- Up-to-date symlink: /home/pi/turtlebot3_ws/install/turtlebot3_msgs/include/turtlebot3_msgs/turtlebot3_msgs/msg/sensor_state.hpp
[4.180s] -- Up-to-date symlink: /home/pi/turtlebot3_ws/install/turtlebot3_msgs/include/turtlebot3_msgs/turtlebot3_msgs/msg/sound.hpp
[4.181s] -- Up-to-date symlink: /home/pi/turtlebot3_ws/install/turtlebot3_msgs/include/turtlebot3_msgs/turtlebot3_msgs/msg/version_info.hpp
[4.181s] -- Up-to-date symlink: /home/pi/turtlebot3_ws/install/turtlebot3_msgs/include/turtlebot3_msgs/turtlebot3_msgs/srv/detail/dqn__builder.hpp
[4.184s] -- Up-to-date symlink: /home/pi/turtlebot3_ws/install/turtlebot3_msgs/include/turtlebot3_msgs/turtlebot3_msgs/srv/detail/dqn__struct.hpp
[4.186s] -- Up-to-date symlink: /home/pi/turtlebot3_ws/install/turtlebot3_msgs/include/turtlebot3_msgs/turtlebot3_msgs/srv/detail/dqn__traits.hpp
[4.191s] -- Up-to-date symlink: /home/pi/turtlebot3_ws/install/turtlebot3_msgs/include/turtlebot3_msgs/turtlebot3_msgs/srv/detail/dqn__type_support.hpp
[4.192s] -- Up-to-date symlink: /home/pi/turtlebot3_ws/install/turtlebot3_msgs/include/turtlebot3_msgs/turtlebot3_msgs/srv/detail/goal__builder.hpp
[4.193s] -- Up-to-date symlink: /home/pi/turtlebot3_ws/install/turtlebot3_msgs/include/turtlebot3_msgs/turtlebot3_msgs/srv/detail/goal__struct.hpp
[4.194s] -- Up-to-date symlink: /home/pi/turtlebot3_ws/install/turtlebot3_msgs/include/turtlebot3_msgs/turtlebot3_msgs/srv/detail/goal__traits.hpp
[4.194s] -- Up-to-date symlink: /home/pi/turtlebot3_ws/install/turtlebot3_msgs/include/turtlebot3_msgs/turtlebot3_msgs/srv/detail/goal__type_support.hpp
[4.197s] -- Up-to-date symlink: /home/pi/turtlebot3_ws/install/turtlebot3_msgs/include/turtlebot3_msgs/turtlebot3_msgs/srv/detail/sound__builder.hpp
[4.197s] -- Up-to-date symlink: /home/pi/turtlebot3_ws/install/turtlebot3_msgs/include/turtlebot3_msgs/turtlebot3_msgs/srv/detail/sound__struct.hpp
[4.198s] -- Up-to-date symlink: /home/pi/turtlebot3_ws/install/turtlebot3_msgs/include/turtlebot3_msgs/turtlebot3_msgs/srv/detail/sound__traits.hpp
[4.199s] -- Up-to-date symlink: /home/pi/turtlebot3_ws/install/turtlebot3_msgs/include/turtlebot3_msgs/turtlebot3_msgs/srv/detail/sound__type_support.hpp
[4.199s] -- Up-to-date symlink: /home/pi/turtlebot3_ws/install/turtlebot3_msgs/include/turtlebot3_msgs/turtlebot3_msgs/srv/dqn.hpp
[4.204s] -- Up-to-date symlink: /home/pi/turtlebot3_ws/install/turtlebot3_msgs/include/turtlebot3_msgs/turtlebot3_msgs/srv/goal.hpp
[4.208s] -- Up-to-date symlink: /home/pi/turtlebot3_ws/install/turtlebot3_msgs/include/turtlebot3_msgs/turtlebot3_msgs/srv/sound.hpp
[4.209s] -- Up-to-date symlink: /home/pi/turtlebot3_ws/install/turtlebot3_msgs/include/turtlebot3_msgs/turtlebot3_msgs/action/detail/patrol__rosidl_typesupport_fastrtps_cpp.hpp
[4.210s] -- Up-to-date symlink: /home/pi/turtlebot3_ws/install/turtlebot3_msgs/include/turtlebot3_msgs/turtlebot3_msgs/msg/detail/sensor_state__rosidl_typesupport_fastrtps_cpp.hpp
[4.210s] -- Up-to-date symlink: /home/pi/turtlebot3_ws/install/turtlebot3_msgs/include/turtlebot3_msgs/turtlebot3_msgs/msg/detail/sound__rosidl_typesupport_fastrtps_cpp.hpp
[4.218s] -- Up-to-date symlink: /home/pi/turtlebot3_ws/install/turtlebot3_msgs/include/turtlebot3_msgs/turtlebot3_msgs/msg/detail/version_info__rosidl_typesupport_fastrtps_cpp.hpp
[4.219s] -- Up-to-date symlink: /home/pi/turtlebot3_ws/install/turtlebot3_msgs/include/turtlebot3_msgs/turtlebot3_msgs/msg/rosidl_typesupport_fastrtps_cpp__visibility_control.h
[4.224s] -- Up-to-date symlink: /home/pi/turtlebot3_ws/install/turtlebot3_msgs/include/turtlebot3_msgs/turtlebot3_msgs/srv/detail/dqn__rosidl_typesupport_fastrtps_cpp.hpp
[4.224s] -- Up-to-date symlink: /home/pi/turtlebot3_ws/install/turtlebot3_msgs/include/turtlebot3_msgs/turtlebot3_msgs/srv/detail/goal__rosidl_typesupport_fastrtps_cpp.hpp
[4.225s] -- Up-to-date symlink: /home/pi/turtlebot3_ws/install/turtlebot3_msgs/include/turtlebot3_msgs/turtlebot3_msgs/srv/detail/sound__rosidl_typesupport_fastrtps_cpp.hpp
[4.225s] -- Up-to-date symlink: /home/pi/turtlebot3_ws/install/turtlebot3_msgs/include/turtlebot3_msgs/turtlebot3_msgs/action/detail/patrol__rosidl_typesupport_introspection_c.h
[4.229s] -- Up-to-date symlink: /home/pi/turtlebot3_ws/install/turtlebot3_msgs/include/turtlebot3_msgs/turtlebot3_msgs/msg/detail/sensor_state__rosidl_typesupport_introspection_c.h
[4.230s] -- Up-to-date symlink: /home/pi/turtlebot3_ws/install/turtlebot3_msgs/include/turtlebot3_msgs/turtlebot3_msgs/msg/detail/sound__rosidl_typesupport_introspection_c.h
[4.230s] -- Up-to-date symlink: /home/pi/turtlebot3_ws/install/turtlebot3_msgs/include/turtlebot3_msgs/turtlebot3_msgs/msg/detail/version_info__rosidl_typesupport_introspection_c.h
[4.231s] -- Up-to-date symlink: /home/pi/turtlebot3_ws/install/turtlebot3_msgs/include/turtlebot3_msgs/turtlebot3_msgs/msg/rosidl_typesupport_introspection_c__visibility_control.h
[4.231s] -- Up-to-date symlink: /home/pi/turtlebot3_ws/install/turtlebot3_msgs/include/turtlebot3_msgs/turtlebot3_msgs/srv/detail/dqn__rosidl_typesupport_introspection_c.h
[4.235s] -- Up-to-date symlink: /home/pi/turtlebot3_ws/install/turtlebot3_msgs/include/turtlebot3_msgs/turtlebot3_msgs/srv/detail/goal__rosidl_typesupport_introspection_c.h
[4.237s] -- Up-to-date symlink: /home/pi/turtlebot3_ws/install/turtlebot3_msgs/include/turtlebot3_msgs/turtlebot3_msgs/srv/detail/sound__rosidl_typesupport_introspection_c.h
[4.237s] -- Up-to-date symlink: /home/pi/turtlebot3_ws/install/turtlebot3_msgs/include/turtlebot3_msgs/turtlebot3_msgs/action/detail/patrol__rosidl_typesupport_introspection_cpp.hpp
[4.241s] -- Up-to-date symlink: /home/pi/turtlebot3_ws/install/turtlebot3_msgs/include/turtlebot3_msgs/turtlebot3_msgs/msg/detail/sensor_state__rosidl_typesupport_introspection_cpp.hpp
[4.242s] -- Up-to-date symlink: /home/pi/turtlebot3_ws/install/turtlebot3_msgs/include/turtlebot3_msgs/turtlebot3_msgs/msg/detail/sound__rosidl_typesupport_introspection_cpp.hpp
[4.243s] -- Up-to-date symlink: /home/pi/turtlebot3_ws/install/turtlebot3_msgs/include/turtlebot3_msgs/turtlebot3_msgs/msg/detail/version_info__rosidl_typesupport_introspection_cpp.hpp
[4.243s] -- Up-to-date symlink: /home/pi/turtlebot3_ws/install/turtlebot3_msgs/include/turtlebot3_msgs/turtlebot3_msgs/srv/detail/dqn__rosidl_typesupport_introspection_cpp.hpp
[4.247s] -- Up-to-date symlink: /home/pi/turtlebot3_ws/install/turtlebot3_msgs/include/turtlebot3_msgs/turtlebot3_msgs/srv/detail/goal__rosidl_typesupport_introspection_cpp.hpp
[4.248s] -- Up-to-date symlink: /home/pi/turtlebot3_ws/install/turtlebot3_msgs/include/turtlebot3_msgs/turtlebot3_msgs/srv/detail/sound__rosidl_typesupport_introspection_cpp.hpp
[4.249s] -- Up-to-date symlink: /home/pi/turtlebot3_ws/install/turtlebot3_msgs/share/turtlebot3_msgs/environment/pythonpath.sh
[4.253s] -- Up-to-date symlink: /home/pi/turtlebot3_ws/install/turtlebot3_msgs/share/turtlebot3_msgs/environment/pythonpath.dsv
[4.254s] -- Up-to-date symlink: /home/pi/turtlebot3_ws/install/turtlebot3_msgs/lib/python3.12/site-packages/turtlebot3_msgs-2.4.0-py3.12.egg-info/PKG-INFO
[4.254s] -- Up-to-date symlink: /home/pi/turtlebot3_ws/install/turtlebot3_msgs/lib/python3.12/site-packages/turtlebot3_msgs-2.4.0-py3.12.egg-info/SOURCES.txt
[4.255s] -- Up-to-date symlink: /home/pi/turtlebot3_ws/install/turtlebot3_msgs/lib/python3.12/site-packages/turtlebot3_msgs-2.4.0-py3.12.egg-info/dependency_links.txt
[4.256s] -- Up-to-date symlink: /home/pi/turtlebot3_ws/install/turtlebot3_msgs/lib/python3.12/site-packages/turtlebot3_msgs-2.4.0-py3.12.egg-info/top_level.txt
[4.260s] -- Up-to-date symlink: /home/pi/turtlebot3_ws/install/turtlebot3_msgs/lib/python3.12/site-packages/turtlebot3_msgs/__init__.py
[4.263s] -- Up-to-date symlink: /home/pi/turtlebot3_ws/install/turtlebot3_msgs/lib/python3.12/site-packages/turtlebot3_msgs/_turtlebot3_msgs_s.ep.rosidl_typesupport_c.c
[4.263s] -- Up-to-date symlink: /home/pi/turtlebot3_ws/install/turtlebot3_msgs/lib/python3.12/site-packages/turtlebot3_msgs/_turtlebot3_msgs_s.ep.rosidl_typesupport_fastrtps_c.c
[4.264s] -- Up-to-date symlink: /home/pi/turtlebot3_ws/install/turtlebot3_msgs/lib/python3.12/site-packages/turtlebot3_msgs/_turtlebot3_msgs_s.ep.rosidl_typesupport_introspection_c.c
[4.265s] -- Up-to-date symlink: /home/pi/turtlebot3_ws/install/turtlebot3_msgs/lib/python3.12/site-packages/turtlebot3_msgs/action/__init__.py
[4.273s] -- Up-to-date symlink: /home/pi/turtlebot3_ws/install/turtlebot3_msgs/lib/python3.12/site-packages/turtlebot3_msgs/action/_patrol.py
[4.274s] -- Up-to-date symlink: /home/pi/turtlebot3_ws/install/turtlebot3_msgs/lib/python3.12/site-packages/turtlebot3_msgs/action/_patrol_s.c
[4.274s] -- Up-to-date symlink: /home/pi/turtlebot3_ws/install/turtlebot3_msgs/lib/python3.12/site-packages/turtlebot3_msgs/msg/__init__.py
[4.275s] -- Up-to-date symlink: /home/pi/turtlebot3_ws/install/turtlebot3_msgs/lib/python3.12/site-packages/turtlebot3_msgs/msg/_sensor_state.py
[4.275s] -- Up-to-date symlink: /home/pi/turtlebot3_ws/install/turtlebot3_msgs/lib/python3.12/site-packages/turtlebot3_msgs/msg/_sensor_state_s.c
[4.275s] -- Up-to-date symlink: /home/pi/turtlebot3_ws/install/turtlebot3_msgs/lib/python3.12/site-packages/turtlebot3_msgs/msg/_sound.py
[4.285s] -- Up-to-date symlink: /home/pi/turtlebot3_ws/install/turtlebot3_msgs/lib/python3.12/site-packages/turtlebot3_msgs/msg/_sound_s.c
[4.286s] -- Up-to-date symlink: /home/pi/turtlebot3_ws/install/turtlebot3_msgs/lib/python3.12/site-packages/turtlebot3_msgs/msg/_version_info.py
[4.294s] -- Up-to-date symlink: /home/pi/turtlebot3_ws/install/turtlebot3_msgs/lib/python3.12/site-packages/turtlebot3_msgs/msg/_version_info_s.c
[4.296s] -- Up-to-date symlink: /home/pi/turtlebot3_ws/install/turtlebot3_msgs/lib/python3.12/site-packages/turtlebot3_msgs/srv/__init__.py
[4.296s] -- Up-to-date symlink: /home/pi/turtlebot3_ws/install/turtlebot3_msgs/lib/python3.12/site-packages/turtlebot3_msgs/srv/_dqn.py
[4.304s] -- Up-to-date symlink: /home/pi/turtlebot3_ws/install/turtlebot3_msgs/lib/python3.12/site-packages/turtlebot3_msgs/srv/_dqn_s.c
[4.304s] -- Up-to-date symlink: /home/pi/turtlebot3_ws/install/turtlebot3_msgs/lib/python3.12/site-packages/turtlebot3_msgs/srv/_goal.py
[4.305s] -- Up-to-date symlink: /home/pi/turtlebot3_ws/install/turtlebot3_msgs/lib/python3.12/site-packages/turtlebot3_msgs/srv/_goal_s.c
[4.311s] -- Up-to-date symlink: /home/pi/turtlebot3_ws/install/turtlebot3_msgs/lib/python3.12/site-packages/turtlebot3_msgs/srv/_sound.py
[4.312s] -- Up-to-date symlink: /home/pi/turtlebot3_ws/install/turtlebot3_msgs/lib/python3.12/site-packages/turtlebot3_msgs/srv/_sound_s.c
[4.313s] -- Up-to-date symlink: /home/pi/turtlebot3_ws/install/turtlebot3_msgs/lib/python3.12/site-packages/turtlebot3_msgs/turtlebot3_msgs_s__rosidl_typesupport_c.so
[4.314s] -- Up-to-date symlink: /home/pi/turtlebot3_ws/install/turtlebot3_msgs/lib/python3.12/site-packages/turtlebot3_msgs/turtlebot3_msgs_s__rosidl_typesupport_fastrtps_c.so
[4.314s] -- Up-to-date symlink: /home/pi/turtlebot3_ws/install/turtlebot3_msgs/lib/python3.12/site-packages/turtlebot3_msgs/turtlebot3_msgs_s__rosidl_typesupport_introspection_c.so
[4.317s] -- Up-to-date symlink: /home/pi/turtlebot3_ws/install/turtlebot3_msgs/lib/python3.12/site-packages/turtlebot3_msgs/turtlebot3_msgs_s__rosidl_typesupport_fastrtps_c.so
[4.321s] -- Up-to-date symlink: /home/pi/turtlebot3_ws/install/turtlebot3_msgs/lib/python3.12/site-packages/turtlebot3_msgs/turtlebot3_msgs_s__rosidl_typesupport_introspection_c.so
[4.324s] -- Up-to-date symlink: /home/pi/turtlebot3_ws/install/turtlebot3_msgs/lib/python3.12/site-packages/turtlebot3_msgs/turtlebot3_msgs_s__rosidl_typesupport_c.so
[4.327s] -- Up-to-date symlink: /home/pi/turtlebot3_ws/install/turtlebot3_msgs/share/turtlebot3_msgs/msg/SensorState.idl
[4.330s] -- Up-to-date symlink: /home/pi/turtlebot3_ws/install/turtlebot3_msgs/share/turtlebot3_msgs/msg/Sound.idl
[4.333s] -- Up-to-date symlink: /home/pi/turtlebot3_ws/install/turtlebot3_msgs/share/turtlebot3_msgs/msg/VersionInfo.idl
[4.338s] -- Up-to-date symlink: /home/pi/turtlebot3_ws/install/turtlebot3_msgs/share/turtlebot3_msgs/srv/Sound.idl
[4.340s] -- Up-to-date symlink: /home/pi/turtlebot3_ws/install/turtlebot3_msgs/share/turtlebot3_msgs/srv/Dqn.idl
[4.342s] -- Up-to-date symlink: /home/pi/turtlebot3_ws/install/turtlebot3_msgs/share/turtlebot3_msgs/srv/Goal.idl
[4.345s] -- Up-to-date symlink: /home/pi/turtlebot3_ws/install/turtlebot3_msgs/share/turtlebot3_msgs/action/Patrol.idl
[4.350s] -- Up-to-date symlink: /home/pi/turtlebot3_ws/install/turtlebot3_msgs/share/turtlebot3_msgs/msg/SensorState.msg
[4.350s] -- Up-to-date symlink: /home/pi/turtlebot3_ws/install/turtlebot3_msgs/share/turtlebot3_msgs/msg/Sound.msg
[4.354s] -- Up-to-date symlink: /home/pi/turtlebot3_ws/install/turtlebot3_msgs/share/turtlebot3_msgs/msg/VersionInfo.msg
[4.355s] -- Up-to-date symlink: /home/pi/turtlebot3_ws/install/turtlebot3_msgs/share/turtlebot3_msgs/srv/Sound.srv
[4.358s] -- Up-to-date symlink: /home/pi/turtlebot3_ws/install/turtlebot3_msgs/share/turtlebot3_msgs/srv/Dqn.srv
[4.363s] -- Up-to-date symlink: /home/pi/turtlebot3_ws/install/turtlebot3_msgs/share/turtlebot3_msgs/srv/Goal.srv
[4.367s] -- Up-to-date symlink: /home/pi/turtlebot3_ws/install/turtlebot3_msgs/share/turtlebot3_msgs/action/Patrol.action
[4.369s] -- Up-to-date symlink: /home/pi/turtlebot3_ws/install/turtlebot3_msgs/share/ament_index/resource_index/package_run_dependencies/turtlebot3_msgs
[4.372s] -- Up-to-date symlink: /home/pi/turtlebot3_ws/install/turtlebot3_msgs/share/ament_index/resource_index/parent_prefix_path/turtlebot3_msgs
[4.375s] -- Up-to-date symlink: /home/pi/turtlebot3_ws/install/turtlebot3_msgs/share/turtlebot3_msgs/environment/ament_prefix_path.sh
[4.378s] -- Up-to-date symlink: /home/pi/turtlebot3_ws/install/turtlebot3_msgs/share/turtlebot3_msgs/environment/ament_prefix_path.dsv
[4.380s] -- Up-to-date symlink: /home/pi/turtlebot3_ws/install/turtlebot3_msgs/share/turtlebot3_msgs/environment/path.sh
[4.382s] -- Up-to-date symlink: /home/pi/turtlebot3_ws/install/turtlebot3_msgs/share/turtlebot3_msgs/environment/path.dsv
[4.385s] -- Up-to-date symlink: /home/pi/turtlebot3_ws/install/turtlebot3_msgs/share/turtlebot3_msgs/local_setup.bash
[4.388s] -- Up-to-date symlink: /home/pi/turtlebot3_ws/install/turtlebot3_msgs/share/turtlebot3_msgs/local_setup.sh
[4.390s] -- Up-to-date symlink: /home/pi/turtlebot3_ws/install/turtlebot3_msgs/share/turtlebot3_msgs/local_setup.zsh
[4.394s] -- Up-to-date symlink: /home/pi/turtlebot3_ws/install/turtlebot3_msgs/share/turtlebot3_msgs/local_setup.dsv
[4.395s] -- Symlinking: /home/pi/turtlebot3_ws/install/turtlebot3_msgs/share/turtlebot3_msgs/package.dsv
[4.515s] -- Up-to-date symlink: /home/pi/turtlebot3_ws/install/turtlebot3_msgs/share/ament_index/resource_index/packages/turtlebot3_msgs
[4.520s] -- Up-to-date symlink: /home/pi/turtlebot3_ws/install/turtlebot3_msgs/share/turtlebot3_msgs/cmake/rosidl_cmake-extras.cmake
[4.528s] -- Up-to-date symlink: /home/pi/turtlebot3_ws/install/turtlebot3_msgs/share/turtlebot3_msgs/cmake/ament_cmake_export_dependencies-extras.cmake
[4.535s] -- Up-to-date symlink: /home/pi/turtlebot3_ws/install/turtlebot3_msgs/share/turtlebot3_msgs/cmake/ament_cmake_export_include_directories-extras.cmake
[4.541s] -- Up-to-date symlink: /home/pi/turtlebot3_ws/install/turtlebot3_msgs/share/turtlebot3_msgs/cmake/ament_cmake_export_libraries-extras.cmake
[4.543s] -- Up-to-date symlink: /home/pi/turtlebot3_ws/install/turtlebot3_msgs/share/turtlebot3_msgs/cmake/ament_cmake_export_targets-extras.cmake
[4.547s] -- Up-to-date symlink: /home/pi/turtlebot3_ws/install/turtlebot3_msgs/share/turtlebot3_msgs/cmake/rosidl_cmake_export_typesupport_targets-extras.cmake
[4.547s] -- Up-to-date symlink: /home/pi/turtlebot3_ws/install/turtlebot3_msgs/share/turtlebot3_msgs/cmake/rosidl_cmake_export_typesupport_libraries-extras.cmake
[4.549s] -- Up-to-date symlink: /home/pi/turtlebot3_ws/install/turtlebot3_msgs/share/turtlebot3_msgs/cmake/turtlebot3_msgsConfig.cmake
[4.550s] -- Up-to-date symlink: /home/pi/turtlebot3_ws/install/turtlebot3_msgs/share/turtlebot3_msgs/cmake/turtlebot3_msgsConfig-version.cmake
[4.553s] -- Up-to-date symlink: /home/pi/turtlebot3_ws/install/turtlebot3_msgs/share/turtlebot3_msgs/package.xml
[4.556s] -- Up-to-date: /home/pi/turtlebot3_ws/install/turtlebot3_msgs/lib/libturtlebot3_msgs__rosidl_generator_c.so
[4.561s] -- Up-to-date: /home/pi/turtlebot3_ws/install/turtlebot3_msgs/lib/libturtlebot3_msgs__rosidl_typesupport_fastrtps_c.so
[4.564s] -- Up-to-date: /home/pi/turtlebot3_ws/install/turtlebot3_msgs/lib/libturtlebot3_msgs__rosidl_typesupport_fastrtps_cpp.so
[4.567s] -- Up-to-date: /home/pi/turtlebot3_ws/install/turtlebot3_msgs/lib/libturtlebot3_msgs__rosidl_typesupport_introspection_c.so
[4.571s] -- Up-to-date: /home/pi/turtlebot3_ws/install/turtlebot3_msgs/lib/libturtlebot3_msgs__rosidl_typesupport_c.so
[4.576s] -- Up-to-date: /home/pi/turtlebot3_ws/install/turtlebot3_msgs/lib/libturtlebot3_msgs__rosidl_typesupport_introspection_cpp.so
[4.578s] -- Up-to-date: /home/pi/turtlebot3_ws/install/turtlebot3_msgs/lib/libturtlebot3_msgs__rosidl_typesupport_cpp.so
[4.912s] Listing '/home/pi/turtlebot3_ws/install/turtlebot3_msgs/lib/python3.12/site-packages/turtlebot3_msgs'...
[4.914s] Listing '/home/pi/turtlebot3_ws/install/turtlebot3_msgs/lib/python3.12/site-packages/turtlebot3_msgs/action'...
[4.923s] Listing '/home/pi/turtlebot3_ws/install/turtlebot3_msgs/lib/python3.12/site-packages/turtlebot3_msgs/msg'...
[4.924s] Listing '/home/pi/turtlebot3_ws/install/turtlebot3_msgs/lib/python3.12/site-packages/turtlebot3_msgs/srv'...
[4.944s] -- Up-to-date: /home/pi/turtlebot3_ws/install/turtlebot3_msgs/lib/libturtlebot3_msgs__rosidl_generator_py.so
[4.948s] -- Up-to-date: /home/pi/turtlebot3_ws/install/turtlebot3_msgs/share/turtlebot3_msgs/cmake/export_turtlebot3_msgs__rosidl_generator_cExport.cmake
[4.953s] -- Up-to-date: /home/pi/turtlebot3_ws/install/turtlebot3_msgs/share/turtlebot3_msgs/cmake/export_turtlebot3_msgs__rosidl_generator_cExport-noconfig.cmake
[4.957s] -- Up-to-date: /home/pi/turtlebot3_ws/install/turtlebot3_msgs/share/turtlebot3_msgs/cmake/export_turtlebot3_msgs__rosidl_typesupport_fastrtps_cExport.cmake
[4.964s] -- Up-to-date: /home/pi/turtlebot3_ws/install/turtlebot3_msgs/share/turtlebot3_msgs/cmake/export_turtlebot3_msgs__rosidl_typesupport_fastrtps_cExport-noconfig.cmake
[4.973s] -- Up-to-date: /home/pi/turtlebot3_ws/install/turtlebot3_msgs/share/turtlebot3_msgs/cmake/export_turtlebot3_msgs__rosidl_generator_cppExport.cmake
[4.974s] -- Up-to-date: /home/pi/turtlebot3_ws/install/turtlebot3_msgs/share/turtlebot3_msgs/cmake/export_turtlebot3_msgs__rosidl_typesupport_fastrtps_cppExport.cmake
[4.994s] -- Up-to-date: /home/pi/turtlebot3_ws/install/turtlebot3_msgs/share/turtlebot3_msgs/cmake/export_turtlebot3_msgs__rosidl_typesupport_fastrtps_cppExport-noconfig.cmake
[4.997s] -- Up-to-date: /home/pi/turtlebot3_ws/install/turtlebot3_msgs/share/turtlebot3_msgs/cmake/turtlebot3_msgs__rosidl_typesupport_introspection_cExport.cmake
[4.999s] -- Up-to-date: /home/pi/turtlebot3_ws/install/turtlebot3_msgs/share/turtlebot3_msgs/cmake/turtlebot3_msgs__rosidl_typesupport_introspection_cExport-noconfig.cmake
[5.001s] -- Up-to-date: /home/pi/turtlebot3_ws/install/turtlebot3_msgs/share/turtlebot3_msgs/cmake/turtlebot3_msgs__rosidl_typesupport_cExport.cmake
[5.005s] -- Up-to-date: /home/pi/turtlebot3_ws/install/turtlebot3_msgs/share/turtlebot3_msgs/cmake/turtlebot3_msgs__rosidl_typesupport_cExport-noconfig.cmake
[5.011s] -- Up-to-date: /home/pi/turtlebot3_ws/install/turtlebot3_msgs/share/turtlebot3_msgs/cmake/turtlebot3_msgs__rosidl_typesupport_introspection_cppExport.cmake
[5.011s] -- Up-to-date: /home/pi/turtlebot3_ws/install/turtlebot3_msgs/share/turtlebot3_msgs/cmake/turtlebot3_msgs__rosidl_typesupport_introspection_cppExport-noconfig.cmake
[5.015s] -- Up-to-date: /home/pi/turtlebot3_ws/install/turtlebot3_msgs/share/turtlebot3_msgs/cmake/turtlebot3_msgs__rosidl_typesupport_cppExport.cmake
[5.016s] -- Up-to-date: /home/pi/turtlebot3_ws/install/turtlebot3_msgs/share/turtlebot3_msgs/cmake/turtlebot3_msgs__rosidl_typesupport_cppExport-noconfig.cmake
[5.016s] -- Up-to-date: /home/pi/turtlebot3_ws/install/turtlebot3_msgs/share/turtlebot3_msgs/cmake/export_turtlebot3_msgs__rosidl_generator_pyExport.cmake
[5.017s] -- Up-to-date: /home/pi/turtlebot3_ws/install/turtlebot3_msgs/share/turtlebot3_msgs/cmake/export_turtlebot3_msgs__rosidl_generator_pyExport-noconfig.cmake
[5.103s] Invoked command in '/home/pi/turtlebot3_ws/build/turtlebot3_msgs' returned '0': CMAKE_PREFIX_PATH=${CMAKE_PREFIX_PATH}:/home/pi/turtlebot3_ws/install/turtlebot3_teleop:/home/pi/turtlebot3_ws/install/turtlebot3_example:/opt/ros/jazzy /usr/bin/cmake --install /home/pi/turtlebot3_ws/build/turtlebot3_msgs
