[0.077s] Invoking command in '/home/pi/turtlebot3_ws/build/turtlebot3_node': CMAKE_PREFIX_PATH=/home/pi/turtlebot3_ws/install/turtlebot3_msgs:/home/pi/turtlebot3_ws/install/turtlebot3:/home/pi/turtlebot3_ws/install/turtlebot3_bringup:/home/pi/turtlebot3_ws/install/turtlebot3_node:/home/pi/turtlebot3_ws/install/rplidar_ros:/home/pi/turtlebot3_ws/install/ld08_driver:/home/pi/turtlebot3_ws/install/turtlebot3_navigation2:/home/pi/turtlebot3_ws/install/turtlebot3_description:/home/pi/turtlebot3_ws/install/turtlebot3_cartographer:/home/pi/turtlebot3_ws/install/sllidar_ros2:/opt/ros/jazzy/opt/gz_sim_vendor:/opt/ros/jazzy/opt/gz_sensors_vendor:/opt/ros/jazzy/opt/gz_physics_vendor:/opt/ros/jazzy/opt/sdformat_vendor:/opt/ros/jazzy/opt/gz_gui_vendor:/opt/ros/jazzy/opt/gz_transport_vendor:/opt/ros/jazzy/opt/gz_rendering_vendor:/opt/ros/jazzy/opt/gz_plugin_vendor:/opt/ros/jazzy/opt/gz_fuel_tools_vendor:/opt/ros/jazzy/opt/gz_msgs_vendor:/opt/ros/jazzy/opt/gz_common_vendor:/opt/ros/jazzy/opt/gz_math_vendor:/opt/ros/jazzy/opt/gz_utils_vendor:/opt/ros/jazzy/opt/gz_tools_vendor:/opt/ros/jazzy/opt/gz_ogre_next_vendor:/opt/ros/jazzy/opt/gz_dartsim_vendor:/opt/ros/jazzy/opt/gz_cmake_vendor:/home/pi/turtlebot3_ws/install/turtlebot3_teleop:/home/pi/turtlebot3_ws/install/turtlebot3_example:/home/pi/turtlebot3_ws/install/my_robot_driver:/opt/ros/jazzy PYTHONPATH=/home/pi/turtlebot3_ws/install/turtlebot3_msgs/lib/python3.12/site-packages:/home/pi/turtlebot3_ws/build/turtlebot3_teleop:/home/pi/turtlebot3_ws/install/turtlebot3_teleop/lib/python3.12/site-packages:/home/pi/turtlebot3_ws/build/turtlebot3_example:/home/pi/turtlebot3_ws/install/turtlebot3_example/lib/python3.12/site-packages:/home/pi/turtlebot3_ws/build/my_robot_driver:/home/pi/turtlebot3_ws/install/my_robot_driver/lib/python3.12/site-packages:/opt/ros/jazzy/lib/python3.12/site-packages /usr/bin/cmake --build /home/pi/turtlebot3_ws/build/turtlebot3_node -- -j4 -l4
[0.273s] -- Found ament_cmake: 2.5.5 (/opt/ros/jazzy/share/ament_cmake/cmake)
[1.501s] -- Override CMake install command with custom implementation using symlinks instead of copying resources
[1.541s] -- Found dynamixel_sdk: 4.0.3 (/opt/ros/jazzy/share/dynamixel_sdk/cmake)
[1.565s] -- Found geometry_msgs: 5.3.6 (/opt/ros/jazzy/share/geometry_msgs/cmake)
[1.759s] -- Found rosidl_generator_c: 4.6.7 (/opt/ros/jazzy/share/rosidl_generator_c/cmake)
[1.806s] -- Found rosidl_generator_cpp: 4.6.7 (/opt/ros/jazzy/share/rosidl_generator_cpp/cmake)
[1.865s] -- Using all available rosidl_typesupport_c: rosidl_typesupport_fastrtps_c;rosidl_typesupport_introspection_c
[1.937s] -- Using all available rosidl_typesupport_cpp: rosidl_typesupport_fastrtps_cpp;rosidl_typesupport_introspection_cpp
[2.139s] -- Found message_filters: 4.11.9 (/opt/ros/jazzy/share/message_filters/cmake)
[2.391s] -- Found rmw_implementation_cmake: 7.3.3 (/opt/ros/jazzy/share/rmw_implementation_cmake/cmake)
[2.400s] -- Found rmw_cyclonedds_cpp: 2.2.3 (/opt/ros/jazzy/share/rmw_cyclonedds_cpp/cmake)
[2.510s] -- Using RMW implementation 'rmw_cyclonedds_cpp' as default
[2.764s] -- Found nav_msgs: 5.3.6 (/opt/ros/jazzy/share/nav_msgs/cmake)
[2.889s] -- Found sensor_msgs: 5.3.6 (/opt/ros/jazzy/share/sensor_msgs/cmake)
[2.983s] -- Found std_srvs: 5.3.6 (/opt/ros/jazzy/share/std_srvs/cmake)
[3.052s] -- Found tf2: 0.36.19 (/opt/ros/jazzy/share/tf2/cmake)
[3.073s] -- Found tf2_ros: 0.36.19 (/opt/ros/jazzy/share/tf2_ros/cmake)
[3.568s] -- Found turtlebot3_msgs: 2.4.0 (/home/pi/turtlebot3_ws/install/turtlebot3_msgs/share/turtlebot3_msgs/cmake)
[4.177s] -- Configuring done (3.9s)
[4.344s] -- Generating done (0.1s)
[4.376s] -- Build files have been written to: /home/pi/turtlebot3_ws/build/turtlebot3_node
[4.935s] [ 85%] Built target turtlebot3_node_lib
[5.162s] [ 92%] [32m[1mLinking CXX executable turtlebot3_ros[0m
[13.902s] [100%] Built target turtlebot3_ros
[13.972s] Invoked command in '/home/pi/turtlebot3_ws/build/turtlebot3_node' returned '0': CMAKE_PREFIX_PATH=/home/pi/turtlebot3_ws/install/turtlebot3_msgs:/home/pi/turtlebot3_ws/install/turtlebot3:/home/pi/turtlebot3_ws/install/turtlebot3_bringup:/home/pi/turtlebot3_ws/install/turtlebot3_node:/home/pi/turtlebot3_ws/install/rplidar_ros:/home/pi/turtlebot3_ws/install/ld08_driver:/home/pi/turtlebot3_ws/install/turtlebot3_navigation2:/home/pi/turtlebot3_ws/install/turtlebot3_description:/home/pi/turtlebot3_ws/install/turtlebot3_cartographer:/home/pi/turtlebot3_ws/install/sllidar_ros2:/opt/ros/jazzy/opt/gz_sim_vendor:/opt/ros/jazzy/opt/gz_sensors_vendor:/opt/ros/jazzy/opt/gz_physics_vendor:/opt/ros/jazzy/opt/sdformat_vendor:/opt/ros/jazzy/opt/gz_gui_vendor:/opt/ros/jazzy/opt/gz_transport_vendor:/opt/ros/jazzy/opt/gz_rendering_vendor:/opt/ros/jazzy/opt/gz_plugin_vendor:/opt/ros/jazzy/opt/gz_fuel_tools_vendor:/opt/ros/jazzy/opt/gz_msgs_vendor:/opt/ros/jazzy/opt/gz_common_vendor:/opt/ros/jazzy/opt/gz_math_vendor:/opt/ros/jazzy/opt/gz_utils_vendor:/opt/ros/jazzy/opt/gz_tools_vendor:/opt/ros/jazzy/opt/gz_ogre_next_vendor:/opt/ros/jazzy/opt/gz_dartsim_vendor:/opt/ros/jazzy/opt/gz_cmake_vendor:/home/pi/turtlebot3_ws/install/turtlebot3_teleop:/home/pi/turtlebot3_ws/install/turtlebot3_example:/home/pi/turtlebot3_ws/install/my_robot_driver:/opt/ros/jazzy PYTHONPATH=/home/pi/turtlebot3_ws/install/turtlebot3_msgs/lib/python3.12/site-packages:/home/pi/turtlebot3_ws/build/turtlebot3_teleop:/home/pi/turtlebot3_ws/install/turtlebot3_teleop/lib/python3.12/site-packages:/home/pi/turtlebot3_ws/build/turtlebot3_example:/home/pi/turtlebot3_ws/install/turtlebot3_example/lib/python3.12/site-packages:/home/pi/turtlebot3_ws/build/my_robot_driver:/home/pi/turtlebot3_ws/install/my_robot_driver/lib/python3.12/site-packages:/opt/ros/jazzy/lib/python3.12/site-packages /usr/bin/cmake --build /home/pi/turtlebot3_ws/build/turtlebot3_node -- -j4 -l4
[13.979s] Invoking command in '/home/pi/turtlebot3_ws/build/turtlebot3_node': CMAKE_PREFIX_PATH=/home/pi/turtlebot3_ws/install/turtlebot3_msgs:/home/pi/turtlebot3_ws/install/turtlebot3:/home/pi/turtlebot3_ws/install/turtlebot3_bringup:/home/pi/turtlebot3_ws/install/turtlebot3_node:/home/pi/turtlebot3_ws/install/rplidar_ros:/home/pi/turtlebot3_ws/install/ld08_driver:/home/pi/turtlebot3_ws/install/turtlebot3_navigation2:/home/pi/turtlebot3_ws/install/turtlebot3_description:/home/pi/turtlebot3_ws/install/turtlebot3_cartographer:/home/pi/turtlebot3_ws/install/sllidar_ros2:/opt/ros/jazzy/opt/gz_sim_vendor:/opt/ros/jazzy/opt/gz_sensors_vendor:/opt/ros/jazzy/opt/gz_physics_vendor:/opt/ros/jazzy/opt/sdformat_vendor:/opt/ros/jazzy/opt/gz_gui_vendor:/opt/ros/jazzy/opt/gz_transport_vendor:/opt/ros/jazzy/opt/gz_rendering_vendor:/opt/ros/jazzy/opt/gz_plugin_vendor:/opt/ros/jazzy/opt/gz_fuel_tools_vendor:/opt/ros/jazzy/opt/gz_msgs_vendor:/opt/ros/jazzy/opt/gz_common_vendor:/opt/ros/jazzy/opt/gz_math_vendor:/opt/ros/jazzy/opt/gz_utils_vendor:/opt/ros/jazzy/opt/gz_tools_vendor:/opt/ros/jazzy/opt/gz_ogre_next_vendor:/opt/ros/jazzy/opt/gz_dartsim_vendor:/opt/ros/jazzy/opt/gz_cmake_vendor:/home/pi/turtlebot3_ws/install/turtlebot3_teleop:/home/pi/turtlebot3_ws/install/turtlebot3_example:/home/pi/turtlebot3_ws/install/my_robot_driver:/opt/ros/jazzy PYTHONPATH=/home/pi/turtlebot3_ws/install/turtlebot3_msgs/lib/python3.12/site-packages:/home/pi/turtlebot3_ws/build/turtlebot3_teleop:/home/pi/turtlebot3_ws/install/turtlebot3_teleop/lib/python3.12/site-packages:/home/pi/turtlebot3_ws/build/turtlebot3_example:/home/pi/turtlebot3_ws/install/turtlebot3_example/lib/python3.12/site-packages:/home/pi/turtlebot3_ws/build/my_robot_driver:/home/pi/turtlebot3_ws/install/my_robot_driver/lib/python3.12/site-packages:/opt/ros/jazzy/lib/python3.12/site-packages /usr/bin/cmake --install /home/pi/turtlebot3_ws/build/turtlebot3_node
[14.036s] -- Install configuration: ""
[14.038s] -- Execute custom install script
[14.042s] -- Up-to-date symlink: /home/pi/turtlebot3_ws/install/turtlebot3_node/share/turtlebot3_node/param/burger.yaml
[14.043s] -- Up-to-date symlink: /home/pi/turtlebot3_ws/install/turtlebot3_node/share/turtlebot3_node/param/waffle.yaml
[14.045s] -- Up-to-date symlink: /home/pi/turtlebot3_ws/install/turtlebot3_node/share/turtlebot3_node/param/waffle_pi.yaml
[14.047s] -- Up-to-date symlink: /home/pi/turtlebot3_ws/install/turtlebot3_node/lib/turtlebot3_node/turtlebot3_ros
[14.049s] -- Up-to-date symlink: /home/pi/turtlebot3_ws/install/turtlebot3_node/share/ament_index/resource_index/package_run_dependencies/turtlebot3_node
[14.051s] -- Up-to-date symlink: /home/pi/turtlebot3_ws/install/turtlebot3_node/share/ament_index/resource_index/parent_prefix_path/turtlebot3_node
[14.053s] -- Up-to-date symlink: /home/pi/turtlebot3_ws/install/turtlebot3_node/share/turtlebot3_node/environment/ament_prefix_path.sh
[14.055s] -- Up-to-date symlink: /home/pi/turtlebot3_ws/install/turtlebot3_node/share/turtlebot3_node/environment/ament_prefix_path.dsv
[14.057s] -- Up-to-date symlink: /home/pi/turtlebot3_ws/install/turtlebot3_node/share/turtlebot3_node/environment/path.sh
[14.059s] -- Up-to-date symlink: /home/pi/turtlebot3_ws/install/turtlebot3_node/share/turtlebot3_node/environment/path.dsv
[14.061s] -- Up-to-date symlink: /home/pi/turtlebot3_ws/install/turtlebot3_node/share/turtlebot3_node/local_setup.bash
[14.063s] -- Up-to-date symlink: /home/pi/turtlebot3_ws/install/turtlebot3_node/share/turtlebot3_node/local_setup.sh
[14.065s] -- Up-to-date symlink: /home/pi/turtlebot3_ws/install/turtlebot3_node/share/turtlebot3_node/local_setup.zsh
[14.067s] -- Up-to-date symlink: /home/pi/turtlebot3_ws/install/turtlebot3_node/share/turtlebot3_node/local_setup.dsv
[14.068s] -- Symlinking: /home/pi/turtlebot3_ws/install/turtlebot3_node/share/turtlebot3_node/package.dsv
[14.135s] -- Up-to-date symlink: /home/pi/turtlebot3_ws/install/turtlebot3_node/share/ament_index/resource_index/packages/turtlebot3_node
[14.137s] -- Up-to-date symlink: /home/pi/turtlebot3_ws/install/turtlebot3_node/share/turtlebot3_node/cmake/ament_cmake_export_dependencies-extras.cmake
[14.139s] -- Up-to-date symlink: /home/pi/turtlebot3_ws/install/turtlebot3_node/share/turtlebot3_node/cmake/ament_cmake_export_include_directories-extras.cmake
[14.140s] -- Up-to-date symlink: /home/pi/turtlebot3_ws/install/turtlebot3_node/share/turtlebot3_node/cmake/turtlebot3_nodeConfig.cmake
[14.143s] -- Up-to-date symlink: /home/pi/turtlebot3_ws/install/turtlebot3_node/share/turtlebot3_node/cmake/turtlebot3_nodeConfig-version.cmake
[14.145s] -- Up-to-date symlink: /home/pi/turtlebot3_ws/install/turtlebot3_node/share/turtlebot3_node/package.xml
[14.154s] Invoked command in '/home/pi/turtlebot3_ws/build/turtlebot3_node' returned '0': CMAKE_PREFIX_PATH=/home/pi/turtlebot3_ws/install/turtlebot3_msgs:/home/pi/turtlebot3_ws/install/turtlebot3:/home/pi/turtlebot3_ws/install/turtlebot3_bringup:/home/pi/turtlebot3_ws/install/turtlebot3_node:/home/pi/turtlebot3_ws/install/rplidar_ros:/home/pi/turtlebot3_ws/install/ld08_driver:/home/pi/turtlebot3_ws/install/turtlebot3_navigation2:/home/pi/turtlebot3_ws/install/turtlebot3_description:/home/pi/turtlebot3_ws/install/turtlebot3_cartographer:/home/pi/turtlebot3_ws/install/sllidar_ros2:/opt/ros/jazzy/opt/gz_sim_vendor:/opt/ros/jazzy/opt/gz_sensors_vendor:/opt/ros/jazzy/opt/gz_physics_vendor:/opt/ros/jazzy/opt/sdformat_vendor:/opt/ros/jazzy/opt/gz_gui_vendor:/opt/ros/jazzy/opt/gz_transport_vendor:/opt/ros/jazzy/opt/gz_rendering_vendor:/opt/ros/jazzy/opt/gz_plugin_vendor:/opt/ros/jazzy/opt/gz_fuel_tools_vendor:/opt/ros/jazzy/opt/gz_msgs_vendor:/opt/ros/jazzy/opt/gz_common_vendor:/opt/ros/jazzy/opt/gz_math_vendor:/opt/ros/jazzy/opt/gz_utils_vendor:/opt/ros/jazzy/opt/gz_tools_vendor:/opt/ros/jazzy/opt/gz_ogre_next_vendor:/opt/ros/jazzy/opt/gz_dartsim_vendor:/opt/ros/jazzy/opt/gz_cmake_vendor:/home/pi/turtlebot3_ws/install/turtlebot3_teleop:/home/pi/turtlebot3_ws/install/turtlebot3_example:/home/pi/turtlebot3_ws/install/my_robot_driver:/opt/ros/jazzy PYTHONPATH=/home/pi/turtlebot3_ws/install/turtlebot3_msgs/lib/python3.12/site-packages:/home/pi/turtlebot3_ws/build/turtlebot3_teleop:/home/pi/turtlebot3_ws/install/turtlebot3_teleop/lib/python3.12/site-packages:/home/pi/turtlebot3_ws/build/turtlebot3_example:/home/pi/turtlebot3_ws/install/turtlebot3_example/lib/python3.12/site-packages:/home/pi/turtlebot3_ws/build/my_robot_driver:/home/pi/turtlebot3_ws/install/my_robot_driver/lib/python3.12/site-packages:/opt/ros/jazzy/lib/python3.12/site-packages /usr/bin/cmake --install /home/pi/turtlebot3_ws/build/turtlebot3_node
