[1.602s] Invoking command in '/home/pi/turtlebot3_ws/build/sllidar_ros2': CMAKE_PREFIX_PATH=${CMAKE_PREFIX_PATH}:/home/pi/turtlebot3_ws/install/turtlebot3_teleop:/home/pi/turtlebot3_ws/install/turtlebot3_example:/opt/ros/jazzy /usr/bin/cmake --build /home/pi/turtlebot3_ws/build/sllidar_ros2 -- -j4 -l4
[2.235s] [ 10%] Built target sllidar_client
[2.267s] [100%] Built target sllidar_node
[2.366s] Invoked command in '/home/pi/turtlebot3_ws/build/sllidar_ros2' returned '0': CMAKE_PREFIX_PATH=${CMAKE_PREFIX_PATH}:/home/pi/turtlebot3_ws/install/turtlebot3_teleop:/home/pi/turtlebot3_ws/install/turtlebot3_example:/opt/ros/jazzy /usr/bin/cmake --build /home/pi/turtlebot3_ws/build/sllidar_ros2 -- -j4 -l4
[2.374s] Invoking command in '/home/pi/turtlebot3_ws/build/sllidar_ros2': CMAKE_PREFIX_PATH=${CMAKE_PREFIX_PATH}:/home/pi/turtlebot3_ws/install/turtlebot3_teleop:/home/pi/turtlebot3_ws/install/turtlebot3_example:/opt/ros/jazzy /usr/bin/cmake --install /home/pi/turtlebot3_ws/build/sllidar_ros2
[2.441s] -- Install configuration: ""
[2.444s] -- Execute custom install script
[2.448s] -- Up-to-date symlink: /home/pi/turtlebot3_ws/install/sllidar_ros2/share/sllidar_ros2/launch/sllidar_a1_launch.py
[2.452s] -- Up-to-date symlink: /home/pi/turtlebot3_ws/install/sllidar_ros2/share/sllidar_ros2/launch/sllidar_a2m12_launch .py
[2.453s] -- Up-to-date symlink: /home/pi/turtlebot3_ws/install/sllidar_ros2/share/sllidar_ros2/launch/sllidar_a2m7_launch.py
[2.456s] -- Up-to-date symlink: /home/pi/turtlebot3_ws/install/sllidar_ros2/share/sllidar_ros2/launch/sllidar_a2m8_launch.py
[2.460s] -- Up-to-date symlink: /home/pi/turtlebot3_ws/install/sllidar_ros2/share/sllidar_ros2/launch/sllidar_a3_launch.py
[2.461s] -- Up-to-date symlink: /home/pi/turtlebot3_ws/install/sllidar_ros2/share/sllidar_ros2/launch/sllidar_c1_launch.py
[2.463s] -- Up-to-date symlink: /home/pi/turtlebot3_ws/install/sllidar_ros2/share/sllidar_ros2/launch/sllidar_s1_launch.py
[2.464s] -- Up-to-date symlink: /home/pi/turtlebot3_ws/install/sllidar_ros2/share/sllidar_ros2/launch/sllidar_s1_tcp_launch.py
[2.465s] -- Up-to-date symlink: /home/pi/turtlebot3_ws/install/sllidar_ros2/share/sllidar_ros2/launch/sllidar_s2_launch.py
[2.466s] -- Up-to-date symlink: /home/pi/turtlebot3_ws/install/sllidar_ros2/share/sllidar_ros2/launch/sllidar_s2e_launch.py
[2.468s] -- Up-to-date symlink: /home/pi/turtlebot3_ws/install/sllidar_ros2/share/sllidar_ros2/launch/sllidar_s3_launch.py
[2.470s] -- Up-to-date symlink: /home/pi/turtlebot3_ws/install/sllidar_ros2/share/sllidar_ros2/launch/sllidar_t1_launch.py
[2.472s] -- Up-to-date symlink: /home/pi/turtlebot3_ws/install/sllidar_ros2/share/sllidar_ros2/launch/view_sllidar_a1_launch.py
[2.474s] -- Up-to-date symlink: /home/pi/turtlebot3_ws/install/sllidar_ros2/share/sllidar_ros2/launch/view_sllidar_a2m12_launch.py
[2.475s] -- Up-to-date symlink: /home/pi/turtlebot3_ws/install/sllidar_ros2/share/sllidar_ros2/launch/view_sllidar_a2m7_launch.py
[2.476s] -- Up-to-date symlink: /home/pi/turtlebot3_ws/install/sllidar_ros2/share/sllidar_ros2/launch/view_sllidar_a2m8_launch.py
[2.480s] -- Up-to-date symlink: /home/pi/turtlebot3_ws/install/sllidar_ros2/share/sllidar_ros2/launch/view_sllidar_a3_launch.py
[2.483s] -- Up-to-date symlink: /home/pi/turtlebot3_ws/install/sllidar_ros2/share/sllidar_ros2/launch/view_sllidar_c1_launch.py
[2.485s] -- Up-to-date symlink: /home/pi/turtlebot3_ws/install/sllidar_ros2/share/sllidar_ros2/launch/view_sllidar_s1_launch.py
[2.488s] -- Up-to-date symlink: /home/pi/turtlebot3_ws/install/sllidar_ros2/share/sllidar_ros2/launch/view_sllidar_s1_tcp_launch.py
[2.491s] -- Up-to-date symlink: /home/pi/turtlebot3_ws/install/sllidar_ros2/share/sllidar_ros2/launch/view_sllidar_s2_launch.py
[2.494s] -- Up-to-date symlink: /home/pi/turtlebot3_ws/install/sllidar_ros2/share/sllidar_ros2/launch/view_sllidar_s2e_launch.py
[2.500s] -- Up-to-date symlink: /home/pi/turtlebot3_ws/install/sllidar_ros2/share/sllidar_ros2/launch/view_sllidar_s3_launch.py
[2.502s] -- Up-to-date symlink: /home/pi/turtlebot3_ws/install/sllidar_ros2/share/sllidar_ros2/launch/view_sllidar_t1_launch.py
[2.507s] -- Up-to-date symlink: /home/pi/turtlebot3_ws/install/sllidar_ros2/share/sllidar_ros2/rviz/sllidar_ros2.rviz
[2.509s] -- Up-to-date symlink: /home/pi/turtlebot3_ws/install/sllidar_ros2/lib/sllidar_ros2/sllidar_node
[2.512s] -- Up-to-date symlink: /home/pi/turtlebot3_ws/install/sllidar_ros2/lib/sllidar_ros2/sllidar_client
[2.513s] -- Up-to-date symlink: /home/pi/turtlebot3_ws/install/sllidar_ros2/share/ament_index/resource_index/package_run_dependencies/sllidar_ros2
[2.513s] -- Up-to-date symlink: /home/pi/turtlebot3_ws/install/sllidar_ros2/share/ament_index/resource_index/parent_prefix_path/sllidar_ros2
[2.515s] -- Up-to-date symlink: /home/pi/turtlebot3_ws/install/sllidar_ros2/share/sllidar_ros2/environment/ament_prefix_path.sh
[2.516s] -- Up-to-date symlink: /home/pi/turtlebot3_ws/install/sllidar_ros2/share/sllidar_ros2/environment/ament_prefix_path.dsv
[2.517s] -- Up-to-date symlink: /home/pi/turtlebot3_ws/install/sllidar_ros2/share/sllidar_ros2/environment/path.sh
[2.519s] -- Up-to-date symlink: /home/pi/turtlebot3_ws/install/sllidar_ros2/share/sllidar_ros2/environment/path.dsv
[2.520s] -- Up-to-date symlink: /home/pi/turtlebot3_ws/install/sllidar_ros2/share/sllidar_ros2/local_setup.bash
[2.523s] -- Up-to-date symlink: /home/pi/turtlebot3_ws/install/sllidar_ros2/share/sllidar_ros2/local_setup.sh
[2.524s] -- Up-to-date symlink: /home/pi/turtlebot3_ws/install/sllidar_ros2/share/sllidar_ros2/local_setup.zsh
[2.526s] -- Up-to-date symlink: /home/pi/turtlebot3_ws/install/sllidar_ros2/share/sllidar_ros2/local_setup.dsv
[2.530s] -- Symlinking: /home/pi/turtlebot3_ws/install/sllidar_ros2/share/sllidar_ros2/package.dsv
[2.604s] -- Up-to-date symlink: /home/pi/turtlebot3_ws/install/sllidar_ros2/share/ament_index/resource_index/packages/sllidar_ros2
[2.608s] -- Up-to-date symlink: /home/pi/turtlebot3_ws/install/sllidar_ros2/share/sllidar_ros2/cmake/ament_cmake_export_dependencies-extras.cmake
[2.612s] -- Up-to-date symlink: /home/pi/turtlebot3_ws/install/sllidar_ros2/share/sllidar_ros2/cmake/ament_cmake_export_include_directories-extras.cmake
[2.615s] -- Up-to-date symlink: /home/pi/turtlebot3_ws/install/sllidar_ros2/share/sllidar_ros2/cmake/sllidar_ros2Config.cmake
[2.622s] -- Up-to-date symlink: /home/pi/turtlebot3_ws/install/sllidar_ros2/share/sllidar_ros2/cmake/sllidar_ros2Config-version.cmake
[2.622s] -- Up-to-date symlink: /home/pi/turtlebot3_ws/install/sllidar_ros2/share/sllidar_ros2/package.xml
[2.637s] Invoked command in '/home/pi/turtlebot3_ws/build/sllidar_ros2' returned '0': CMAKE_PREFIX_PATH=${CMAKE_PREFIX_PATH}:/home/pi/turtlebot3_ws/install/turtlebot3_teleop:/home/pi/turtlebot3_ws/install/turtlebot3_example:/opt/ros/jazzy /usr/bin/cmake --install /home/pi/turtlebot3_ws/build/sllidar_ros2
