[7.540s] Invoking command in '/home/pi/turtlebot3_ws/build/my_robot_driver': PYTHONPATH=/home/pi/turtlebot3_ws/build/my_robot_driver/prefix_override:/usr/lib/python3/dist-packages/colcon_core/task/python/colcon_distutils_commands:/home/pi/turtlebot3_ws/install/my_robot_driver/lib/python3.12/site-packages:${PYTHONPATH} /usr/bin/python3 -W ignore:setup.py install is deprecated -W ignore:easy_install command is deprecated setup.py develop --editable --build-directory /home/pi/turtlebot3_ws/build/my_robot_driver/build --no-deps symlink_data
[9.627s] running develop
[10.928s] /usr/lib/python3/dist-packages/setuptools/command/easy_install.py:363: UserWarning: Unbuilt egg for pytest-repeat [unknown version] (/usr/lib/python3/dist-packages)
[10.929s]   self.local_index = Environment(self.shadow_path + sys.path)
[11.218s] running egg_info
[11.219s] creating my_robot_driver.egg-info
[11.350s] writing my_robot_driver.egg-info/PKG-INFO
[11.352s] writing dependency_links to my_robot_driver.egg-info/dependency_links.txt
[11.361s] writing entry points to my_robot_driver.egg-info/entry_points.txt
[11.362s] writing requirements to my_robot_driver.egg-info/requires.txt
[11.368s] writing top-level names to my_robot_driver.egg-info/top_level.txt
[11.369s] writing manifest file 'my_robot_driver.egg-info/SOURCES.txt'
[11.731s] reading manifest file 'my_robot_driver.egg-info/SOURCES.txt'
[11.733s] writing manifest file 'my_robot_driver.egg-info/SOURCES.txt'
[11.862s] running build_ext
[11.863s] Creating /home/pi/turtlebot3_ws/install/my_robot_driver/lib/python3.12/site-packages/my-robot-driver.egg-link (link to .)
[11.869s] Installing imu_node script to /home/pi/turtlebot3_ws/install/my_robot_driver/bin
[11.873s] 
[11.880s] Installed /home/pi/turtlebot3_ws/build/my_robot_driver
[11.883s] running symlink_data
[11.884s] creating /home/pi/turtlebot3_ws/install/my_robot_driver/share
[11.888s] creating /home/pi/turtlebot3_ws/install/my_robot_driver/share/ament_index
[11.890s] creating /home/pi/turtlebot3_ws/install/my_robot_driver/share/ament_index/resource_index
[11.891s] creating /home/pi/turtlebot3_ws/install/my_robot_driver/share/ament_index/resource_index/packages
[11.892s] error: can't copy '/home/pi/turtlebot3_ws/build/my_robot_driver/resource/my_robot_driver': doesn't exist or not a regular file
[12.057s] Invoked command in '/home/pi/turtlebot3_ws/build/my_robot_driver' returned '1': PYTHONPATH=/home/pi/turtlebot3_ws/build/my_robot_driver/prefix_override:/usr/lib/python3/dist-packages/colcon_core/task/python/colcon_distutils_commands:/home/pi/turtlebot3_ws/install/my_robot_driver/lib/python3.12/site-packages:${PYTHONPATH} /usr/bin/python3 -W ignore:setup.py install is deprecated -W ignore:easy_install command is deprecated setup.py develop --editable --build-directory /home/pi/turtlebot3_ws/build/my_robot_driver/build --no-deps symlink_data
