[0.079s] Invoking command in '/home/pi/turtlebot3_ws/build/ld08_driver': CMAKE_PREFIX_PATH=${CMAKE_PREFIX_PATH}:/opt/ros/jazzy /usr/bin/cmake --build /home/pi/turtlebot3_ws/build/ld08_driver -- -j4 -l4
[1.288s] [100%] Built target ld08_driver
[1.351s] Invoked command in '/home/pi/turtlebot3_ws/build/ld08_driver' returned '0': CMAKE_PREFIX_PATH=${CMAKE_PREFIX_PATH}:/opt/ros/jazzy /usr/bin/cmake --build /home/pi/turtlebot3_ws/build/ld08_driver -- -j4 -l4
[1.418s] Invoking command in '/home/pi/turtlebot3_ws/build/ld08_driver': CMAKE_PREFIX_PATH=${CMAKE_PREFIX_PATH}:/opt/ros/jazzy /usr/bin/cmake --install /home/pi/turtlebot3_ws/build/ld08_driver
[1.471s] -- Install configuration: ""
[1.474s] -- Execute custom install script
[1.485s] -- Up-to-date symlink: /home/pi/turtlebot3_ws/install/ld08_driver/share/ld08_driver/launch/ld08.launch.py
[1.489s] -- Up-to-date symlink: /home/pi/turtlebot3_ws/install/ld08_driver/lib/ld08_driver/ld08_driver
[1.493s] -- Up-to-date symlink: /home/pi/turtlebot3_ws/install/ld08_driver/share/ament_index/resource_index/package_run_dependencies/ld08_driver
[1.496s] -- Up-to-date symlink: /home/pi/turtlebot3_ws/install/ld08_driver/share/ament_index/resource_index/parent_prefix_path/ld08_driver
[1.499s] -- Up-to-date symlink: /home/pi/turtlebot3_ws/install/ld08_driver/share/ld08_driver/environment/ament_prefix_path.sh
[1.500s] -- Up-to-date symlink: /home/pi/turtlebot3_ws/install/ld08_driver/share/ld08_driver/environment/ament_prefix_path.dsv
[1.502s] -- Up-to-date symlink: /home/pi/turtlebot3_ws/install/ld08_driver/share/ld08_driver/environment/path.sh
[1.504s] -- Up-to-date symlink: /home/pi/turtlebot3_ws/install/ld08_driver/share/ld08_driver/environment/path.dsv
[1.505s] -- Up-to-date symlink: /home/pi/turtlebot3_ws/install/ld08_driver/share/ld08_driver/local_setup.bash
[1.507s] -- Up-to-date symlink: /home/pi/turtlebot3_ws/install/ld08_driver/share/ld08_driver/local_setup.sh
[1.509s] -- Up-to-date symlink: /home/pi/turtlebot3_ws/install/ld08_driver/share/ld08_driver/local_setup.zsh
[1.511s] -- Up-to-date symlink: /home/pi/turtlebot3_ws/install/ld08_driver/share/ld08_driver/local_setup.dsv
[1.512s] -- Symlinking: /home/pi/turtlebot3_ws/install/ld08_driver/share/ld08_driver/package.dsv
[1.572s] -- Up-to-date symlink: /home/pi/turtlebot3_ws/install/ld08_driver/share/ament_index/resource_index/packages/ld08_driver
[1.574s] -- Up-to-date symlink: /home/pi/turtlebot3_ws/install/ld08_driver/share/ld08_driver/cmake/ament_cmake_export_dependencies-extras.cmake
[1.575s] -- Up-to-date symlink: /home/pi/turtlebot3_ws/install/ld08_driver/share/ld08_driver/cmake/ament_cmake_export_include_directories-extras.cmake
[1.577s] -- Up-to-date symlink: /home/pi/turtlebot3_ws/install/ld08_driver/share/ld08_driver/cmake/ld08_driverConfig.cmake
[1.578s] -- Up-to-date symlink: /home/pi/turtlebot3_ws/install/ld08_driver/share/ld08_driver/cmake/ld08_driverConfig-version.cmake
[1.580s] -- Up-to-date symlink: /home/pi/turtlebot3_ws/install/ld08_driver/share/ld08_driver/package.xml
[1.587s] Invoked command in '/home/pi/turtlebot3_ws/build/ld08_driver' returned '0': CMAKE_PREFIX_PATH=${CMAKE_PREFIX_PATH}:/opt/ros/jazzy /usr/bin/cmake --install /home/pi/turtlebot3_ws/build/ld08_driver
