[3.636s] Invoking command in '/home/pi/turtlebot3_ws/build/turtlebot3_example': AMENT_PREFIX_PATH=/home/pi/turtlebot3_ws/install/turtlebot3_msgs:${AMENT_PREFIX_PATH} CMAKE_PREFIX_PATH=/home/pi/turtlebot3_ws/install/turtlebot3_msgs:${CMAKE_PREFIX_PATH} LD_LIBRARY_PATH=/home/pi/turtlebot3_ws/install/turtlebot3_msgs/lib:${LD_LIBRARY_PATH} PYTHONPATH=/home/pi/turtlebot3_ws/build/turtlebot3_example/prefix_override:/usr/lib/python3/dist-packages/colcon_core/task/python/colcon_distutils_commands:/home/pi/turtlebot3_ws/install/turtlebot3_example/lib/python3.12/site-packages:/home/pi/turtlebot3_ws/install/turtlebot3_msgs/lib/python3.12/site-packages:${PYTHONPATH} /usr/bin/python3 -W ignore:setup.py install is deprecated -W ignore:easy_install command is deprecated setup.py develop --editable --build-directory /home/pi/turtlebot3_ws/build/turtlebot3_example/build --no-deps symlink_data
[5.096s] running develop
[5.874s] /usr/lib/python3/dist-packages/setuptools/command/easy_install.py:363: UserWarning: Unbuilt egg for pytest-repeat [unknown version] (/usr/lib/python3/dist-packages)
[5.874s]   self.local_index = Environment(self.shadow_path + sys.path)
[6.068s] running egg_info
[6.150s] writing turtlebot3_example.egg-info/PKG-INFO
[6.151s] writing dependency_links to turtlebot3_example.egg-info/dependency_links.txt
[6.153s] writing entry points to turtlebot3_example.egg-info/entry_points.txt
[6.154s] writing requirements to turtlebot3_example.egg-info/requires.txt
[6.155s] writing top-level names to turtlebot3_example.egg-info/top_level.txt
[6.330s] reading manifest file 'turtlebot3_example.egg-info/SOURCES.txt'
[6.335s] writing manifest file 'turtlebot3_example.egg-info/SOURCES.txt'
[6.425s] running build_ext
[6.425s] Creating /home/pi/turtlebot3_ws/install/turtlebot3_example/lib/python3.12/site-packages/turtlebot3-example.egg-link (link to .)
[6.428s] Installing turtlebot3_absolute_move script to /home/pi/turtlebot3_ws/install/turtlebot3_example/lib/turtlebot3_example
[6.429s] Installing turtlebot3_interactive_marker script to /home/pi/turtlebot3_ws/install/turtlebot3_example/lib/turtlebot3_example
[6.430s] Installing turtlebot3_obstacle_detection script to /home/pi/turtlebot3_ws/install/turtlebot3_example/lib/turtlebot3_example
[6.431s] Installing turtlebot3_patrol_client script to /home/pi/turtlebot3_ws/install/turtlebot3_example/lib/turtlebot3_example
[6.432s] Installing turtlebot3_patrol_server script to /home/pi/turtlebot3_ws/install/turtlebot3_example/lib/turtlebot3_example
[6.433s] Installing turtlebot3_relative_move script to /home/pi/turtlebot3_ws/install/turtlebot3_example/lib/turtlebot3_example
[6.434s] 
[6.434s] Installed /home/pi/turtlebot3_ws/build/turtlebot3_example
[6.435s] running symlink_data
[6.597s] Invoked command in '/home/pi/turtlebot3_ws/build/turtlebot3_example' returned '0': AMENT_PREFIX_PATH=/home/pi/turtlebot3_ws/install/turtlebot3_msgs:${AMENT_PREFIX_PATH} CMAKE_PREFIX_PATH=/home/pi/turtlebot3_ws/install/turtlebot3_msgs:${CMAKE_PREFIX_PATH} LD_LIBRARY_PATH=/home/pi/turtlebot3_ws/install/turtlebot3_msgs/lib:${LD_LIBRARY_PATH} PYTHONPATH=/home/pi/turtlebot3_ws/build/turtlebot3_example/prefix_override:/usr/lib/python3/dist-packages/colcon_core/task/python/colcon_distutils_commands:/home/pi/turtlebot3_ws/install/turtlebot3_example/lib/python3.12/site-packages:/home/pi/turtlebot3_ws/install/turtlebot3_msgs/lib/python3.12/site-packages:${PYTHONPATH} /usr/bin/python3 -W ignore:setup.py install is deprecated -W ignore:easy_install command is deprecated setup.py develop --editable --build-directory /home/pi/turtlebot3_ws/build/turtlebot3_example/build --no-deps symlink_data
