[0.106s] Invoking command in '/home/pi/turtlebot3_ws/build/turtlebot3_cartographer': CMAKE_PREFIX_PATH=${CMAKE_PREFIX_PATH}:/home/pi/turtlebot3_ws/install/turtlebot3_teleop:/home/pi/turtlebot3_ws/install/turtlebot3_example:/opt/ros/jazzy /usr/bin/cmake --build /home/pi/turtlebot3_ws/build/turtlebot3_cartographer -- -j4 -l4
[0.546s] Invoked command in '/home/pi/turtlebot3_ws/build/turtlebot3_cartographer' returned '0': CMAKE_PREFIX_PATH=${CMAKE_PREFIX_PATH}:/home/pi/turtlebot3_ws/install/turtlebot3_teleop:/home/pi/turtlebot3_ws/install/turtlebot3_example:/opt/ros/jazzy /usr/bin/cmake --build /home/pi/turtlebot3_ws/build/turtlebot3_cartographer -- -j4 -l4
[0.553s] Invoking command in '/home/pi/turtlebot3_ws/build/turtlebot3_cartographer': CMAKE_PREFIX_PATH=${CMAKE_PREFIX_PATH}:/home/pi/turtlebot3_ws/install/turtlebot3_teleop:/home/pi/turtlebot3_ws/install/turtlebot3_example:/opt/ros/jazzy /usr/bin/cmake --install /home/pi/turtlebot3_ws/build/turtlebot3_cartographer
[0.719s] -- Install configuration: ""
[0.720s] -- Execute custom install script
[0.727s] -- Up-to-date symlink: /home/pi/turtlebot3_ws/install/turtlebot3_cartographer/share/turtlebot3_cartographer/config/localization.lua
[0.728s] -- Up-to-date symlink: /home/pi/turtlebot3_ws/install/turtlebot3_cartographer/share/turtlebot3_cartographer/config/localization_combineIMU.lua
[0.728s] -- Up-to-date symlink: /home/pi/turtlebot3_ws/install/turtlebot3_cartographer/share/turtlebot3_cartographer/config/turtlebot3_lds_2d.lua
[0.734s] -- Up-to-date symlink: /home/pi/turtlebot3_ws/install/turtlebot3_cartographer/share/turtlebot3_cartographer/launch/cartographer.launch.py
[0.751s] -- Up-to-date symlink: /home/pi/turtlebot3_ws/install/turtlebot3_cartographer/share/turtlebot3_cartographer/launch/occupancy_grid.launch.py
[0.755s] -- Up-to-date symlink: /home/pi/turtlebot3_ws/install/turtlebot3_cartographer/share/turtlebot3_cartographer/rviz/tb3_cartographer.rviz
[0.756s] -- Up-to-date symlink: /home/pi/turtlebot3_ws/install/turtlebot3_cartographer/share/ament_index/resource_index/package_run_dependencies/turtlebot3_cartographer
[0.756s] -- Up-to-date symlink: /home/pi/turtlebot3_ws/install/turtlebot3_cartographer/share/ament_index/resource_index/parent_prefix_path/turtlebot3_cartographer
[0.757s] -- Up-to-date symlink: /home/pi/turtlebot3_ws/install/turtlebot3_cartographer/share/turtlebot3_cartographer/environment/ament_prefix_path.sh
[0.764s] -- Up-to-date symlink: /home/pi/turtlebot3_ws/install/turtlebot3_cartographer/share/turtlebot3_cartographer/environment/ament_prefix_path.dsv
[0.765s] -- Up-to-date symlink: /home/pi/turtlebot3_ws/install/turtlebot3_cartographer/share/turtlebot3_cartographer/environment/path.sh
[0.766s] -- Up-to-date symlink: /home/pi/turtlebot3_ws/install/turtlebot3_cartographer/share/turtlebot3_cartographer/environment/path.dsv
[0.770s] -- Up-to-date symlink: /home/pi/turtlebot3_ws/install/turtlebot3_cartographer/share/turtlebot3_cartographer/local_setup.bash
[0.770s] -- Up-to-date symlink: /home/pi/turtlebot3_ws/install/turtlebot3_cartographer/share/turtlebot3_cartographer/local_setup.sh
[0.771s] -- Up-to-date symlink: /home/pi/turtlebot3_ws/install/turtlebot3_cartographer/share/turtlebot3_cartographer/local_setup.zsh
[0.772s] -- Up-to-date symlink: /home/pi/turtlebot3_ws/install/turtlebot3_cartographer/share/turtlebot3_cartographer/local_setup.dsv
[0.772s] -- Symlinking: /home/pi/turtlebot3_ws/install/turtlebot3_cartographer/share/turtlebot3_cartographer/package.dsv
[0.817s] -- Up-to-date symlink: /home/pi/turtlebot3_ws/install/turtlebot3_cartographer/share/ament_index/resource_index/packages/turtlebot3_cartographer
[0.821s] -- Up-to-date symlink: /home/pi/turtlebot3_ws/install/turtlebot3_cartographer/share/turtlebot3_cartographer/cmake/turtlebot3_cartographerConfig.cmake
[0.826s] -- Up-to-date symlink: /home/pi/turtlebot3_ws/install/turtlebot3_cartographer/share/turtlebot3_cartographer/cmake/turtlebot3_cartographerConfig-version.cmake
[0.827s] -- Up-to-date symlink: /home/pi/turtlebot3_ws/install/turtlebot3_cartographer/share/turtlebot3_cartographer/package.xml
[0.851s] Invoked command in '/home/pi/turtlebot3_ws/build/turtlebot3_cartographer' returned '0': CMAKE_PREFIX_PATH=${CMAKE_PREFIX_PATH}:/home/pi/turtlebot3_ws/install/turtlebot3_teleop:/home/pi/turtlebot3_ws/install/turtlebot3_example:/opt/ros/jazzy /usr/bin/cmake --install /home/pi/turtlebot3_ws/build/turtlebot3_cartographer
