[1.432s] Invoking command in '/home/pi/turtlebot3_ws/build/sllidar_ros2': CMAKE_PREFIX_PATH=${CMAKE_PREFIX_PATH}:/home/pi/turtlebot3_ws/install/turtlebot3_teleop:/home/pi/turtlebot3_ws/install/turtlebot3_example:/opt/ros/jazzy /usr/bin/cmake --build /home/pi/turtlebot3_ws/build/sllidar_ros2 -- -j4 -l4
[1.938s] [ 10%] Built target sllidar_client
[1.990s] [100%] Built target sllidar_node
[2.075s] Invoked command in '/home/pi/turtlebot3_ws/build/sllidar_ros2' returned '0': CMAKE_PREFIX_PATH=${CMAKE_PREFIX_PATH}:/home/pi/turtlebot3_ws/install/turtlebot3_teleop:/home/pi/turtlebot3_ws/install/turtlebot3_example:/opt/ros/jazzy /usr/bin/cmake --build /home/pi/turtlebot3_ws/build/sllidar_ros2 -- -j4 -l4
[2.087s] Invoking command in '/home/pi/turtlebot3_ws/build/sllidar_ros2': CMAKE_PREFIX_PATH=${CMAKE_PREFIX_PATH}:/home/pi/turtlebot3_ws/install/turtlebot3_teleop:/home/pi/turtlebot3_ws/install/turtlebot3_example:/opt/ros/jazzy /usr/bin/cmake --install /home/pi/turtlebot3_ws/build/sllidar_ros2
[2.168s] -- Install configuration: ""
[2.171s] -- Execute custom install script
[2.177s] -- Up-to-date symlink: /home/pi/turtlebot3_ws/install/sllidar_ros2/share/sllidar_ros2/launch/sllidar_a1_launch.py
[2.178s] -- Up-to-date symlink: /home/pi/turtlebot3_ws/install/sllidar_ros2/share/sllidar_ros2/launch/sllidar_a2m12_launch .py
[2.183s] -- Up-to-date symlink: /home/pi/turtlebot3_ws/install/sllidar_ros2/share/sllidar_ros2/launch/sllidar_a2m7_launch.py
[2.183s] -- Up-to-date symlink: /home/pi/turtlebot3_ws/install/sllidar_ros2/share/sllidar_ros2/launch/sllidar_a2m8_launch.py
[2.187s] -- Up-to-date symlink: /home/pi/turtlebot3_ws/install/sllidar_ros2/share/sllidar_ros2/launch/sllidar_a3_launch.py
[2.188s] -- Up-to-date symlink: /home/pi/turtlebot3_ws/install/sllidar_ros2/share/sllidar_ros2/launch/sllidar_c1_launch.py
[2.193s] -- Up-to-date symlink: /home/pi/turtlebot3_ws/install/sllidar_ros2/share/sllidar_ros2/launch/sllidar_s1_launch.py
[2.197s] -- Up-to-date symlink: /home/pi/turtlebot3_ws/install/sllidar_ros2/share/sllidar_ros2/launch/sllidar_s1_tcp_launch.py
[2.201s] -- Up-to-date symlink: /home/pi/turtlebot3_ws/install/sllidar_ros2/share/sllidar_ros2/launch/sllidar_s2_launch.py
[2.201s] -- Up-to-date symlink: /home/pi/turtlebot3_ws/install/sllidar_ros2/share/sllidar_ros2/launch/sllidar_s2e_launch.py
[2.208s] -- Up-to-date symlink: /home/pi/turtlebot3_ws/install/sllidar_ros2/share/sllidar_ros2/launch/sllidar_s3_launch.py
[2.209s] -- Up-to-date symlink: /home/pi/turtlebot3_ws/install/sllidar_ros2/share/sllidar_ros2/launch/sllidar_t1_launch.py
[2.218s] -- Up-to-date symlink: /home/pi/turtlebot3_ws/install/sllidar_ros2/share/sllidar_ros2/launch/view_sllidar_a1_launch.py
[2.218s] -- Up-to-date symlink: /home/pi/turtlebot3_ws/install/sllidar_ros2/share/sllidar_ros2/launch/view_sllidar_a2m12_launch.py
[2.220s] -- Up-to-date symlink: /home/pi/turtlebot3_ws/install/sllidar_ros2/share/sllidar_ros2/launch/view_sllidar_a2m7_launch.py
[2.224s] -- Up-to-date symlink: /home/pi/turtlebot3_ws/install/sllidar_ros2/share/sllidar_ros2/launch/view_sllidar_a2m8_launch.py
[2.225s] -- Up-to-date symlink: /home/pi/turtlebot3_ws/install/sllidar_ros2/share/sllidar_ros2/launch/view_sllidar_a3_launch.py
[2.231s] -- Up-to-date symlink: /home/pi/turtlebot3_ws/install/sllidar_ros2/share/sllidar_ros2/launch/view_sllidar_c1_launch.py
[2.231s] -- Up-to-date symlink: /home/pi/turtlebot3_ws/install/sllidar_ros2/share/sllidar_ros2/launch/view_sllidar_s1_launch.py
[2.232s] -- Up-to-date symlink: /home/pi/turtlebot3_ws/install/sllidar_ros2/share/sllidar_ros2/launch/view_sllidar_s1_tcp_launch.py
[2.233s] -- Up-to-date symlink: /home/pi/turtlebot3_ws/install/sllidar_ros2/share/sllidar_ros2/launch/view_sllidar_s2_launch.py
[2.234s] -- Up-to-date symlink: /home/pi/turtlebot3_ws/install/sllidar_ros2/share/sllidar_ros2/launch/view_sllidar_s2e_launch.py
[2.235s] -- Up-to-date symlink: /home/pi/turtlebot3_ws/install/sllidar_ros2/share/sllidar_ros2/launch/view_sllidar_s3_launch.py
[2.236s] -- Up-to-date symlink: /home/pi/turtlebot3_ws/install/sllidar_ros2/share/sllidar_ros2/launch/view_sllidar_t1_launch.py
[2.237s] -- Up-to-date symlink: /home/pi/turtlebot3_ws/install/sllidar_ros2/share/sllidar_ros2/rviz/sllidar_ros2.rviz
[2.238s] -- Up-to-date symlink: /home/pi/turtlebot3_ws/install/sllidar_ros2/lib/sllidar_ros2/sllidar_node
[2.239s] -- Up-to-date symlink: /home/pi/turtlebot3_ws/install/sllidar_ros2/lib/sllidar_ros2/sllidar_client
[2.239s] -- Up-to-date symlink: /home/pi/turtlebot3_ws/install/sllidar_ros2/share/ament_index/resource_index/package_run_dependencies/sllidar_ros2
[2.241s] -- Up-to-date symlink: /home/pi/turtlebot3_ws/install/sllidar_ros2/share/ament_index/resource_index/parent_prefix_path/sllidar_ros2
[2.242s] -- Up-to-date symlink: /home/pi/turtlebot3_ws/install/sllidar_ros2/share/sllidar_ros2/environment/ament_prefix_path.sh
[2.242s] -- Up-to-date symlink: /home/pi/turtlebot3_ws/install/sllidar_ros2/share/sllidar_ros2/environment/ament_prefix_path.dsv
[2.243s] -- Up-to-date symlink: /home/pi/turtlebot3_ws/install/sllidar_ros2/share/sllidar_ros2/environment/path.sh
[2.244s] -- Up-to-date symlink: /home/pi/turtlebot3_ws/install/sllidar_ros2/share/sllidar_ros2/environment/path.dsv
[2.244s] -- Up-to-date symlink: /home/pi/turtlebot3_ws/install/sllidar_ros2/share/sllidar_ros2/local_setup.bash
[2.245s] -- Up-to-date symlink: /home/pi/turtlebot3_ws/install/sllidar_ros2/share/sllidar_ros2/local_setup.sh
[2.246s] -- Up-to-date symlink: /home/pi/turtlebot3_ws/install/sllidar_ros2/share/sllidar_ros2/local_setup.zsh
[2.247s] -- Up-to-date symlink: /home/pi/turtlebot3_ws/install/sllidar_ros2/share/sllidar_ros2/local_setup.dsv
[2.248s] -- Symlinking: /home/pi/turtlebot3_ws/install/sllidar_ros2/share/sllidar_ros2/package.dsv
[2.318s] -- Up-to-date symlink: /home/pi/turtlebot3_ws/install/sllidar_ros2/share/ament_index/resource_index/packages/sllidar_ros2
[2.322s] -- Up-to-date symlink: /home/pi/turtlebot3_ws/install/sllidar_ros2/share/sllidar_ros2/cmake/ament_cmake_export_dependencies-extras.cmake
[2.325s] -- Up-to-date symlink: /home/pi/turtlebot3_ws/install/sllidar_ros2/share/sllidar_ros2/cmake/ament_cmake_export_include_directories-extras.cmake
[2.345s] -- Up-to-date symlink: /home/pi/turtlebot3_ws/install/sllidar_ros2/share/sllidar_ros2/cmake/sllidar_ros2Config.cmake
[2.346s] -- Up-to-date symlink: /home/pi/turtlebot3_ws/install/sllidar_ros2/share/sllidar_ros2/cmake/sllidar_ros2Config-version.cmake
[2.346s] -- Up-to-date symlink: /home/pi/turtlebot3_ws/install/sllidar_ros2/share/sllidar_ros2/package.xml
[2.359s] Invoked command in '/home/pi/turtlebot3_ws/build/sllidar_ros2' returned '0': CMAKE_PREFIX_PATH=${CMAKE_PREFIX_PATH}:/home/pi/turtlebot3_ws/install/turtlebot3_teleop:/home/pi/turtlebot3_ws/install/turtlebot3_example:/opt/ros/jazzy /usr/bin/cmake --install /home/pi/turtlebot3_ws/build/sllidar_ros2
