[7.783s] Invoking command in '/home/pi/turtlebot3_ws/build/turtlebot3_teleop': PYTHONPATH=/home/pi/turtlebot3_ws/build/turtlebot3_teleop/prefix_override:/usr/lib/python3/dist-packages/colcon_core/task/python/colcon_distutils_commands:/home/pi/turtlebot3_ws/install/turtlebot3_teleop/lib/python3.12/site-packages:${PYTHONPATH} /usr/bin/python3 -W ignore:setup.py install is deprecated -W ignore:easy_install command is deprecated setup.py develop --editable --build-directory /home/pi/turtlebot3_ws/build/turtlebot3_teleop/build --no-deps symlink_data
[10.400s] running develop
[11.887s] /usr/lib/python3/dist-packages/setuptools/command/easy_install.py:363: UserWarning: Unbuilt egg for pytest-repeat [unknown version] (/usr/lib/python3/dist-packages)
[11.888s]   self.local_index = Environment(self.shadow_path + sys.path)
[12.205s] running egg_info
[12.206s] creating turtlebot3_teleop.egg-info
[12.360s] writing turtlebot3_teleop.egg-info/PKG-INFO
[12.364s] writing dependency_links to turtlebot3_teleop.egg-info/dependency_links.txt
[12.367s] writing entry points to turtlebot3_teleop.egg-info/entry_points.txt
[12.369s] writing requirements to turtlebot3_teleop.egg-info/requires.txt
[12.369s] writing top-level names to turtlebot3_teleop.egg-info/top_level.txt
[12.376s] writing manifest file 'turtlebot3_teleop.egg-info/SOURCES.txt'
[12.693s] reading manifest file 'turtlebot3_teleop.egg-info/SOURCES.txt'
[12.696s] writing manifest file 'turtlebot3_teleop.egg-info/SOURCES.txt'
[12.871s] running build_ext
[12.875s] Creating /home/pi/turtlebot3_ws/install/turtlebot3_teleop/lib/python3.12/site-packages/turtlebot3-teleop.egg-link (link to .)
[12.879s] Installing teleop_keyboard script to /home/pi/turtlebot3_ws/install/turtlebot3_teleop/lib/turtlebot3_teleop
[12.884s] 
[12.885s] Installed /home/pi/turtlebot3_ws/build/turtlebot3_teleop
[12.885s] running symlink_data
[12.886s] creating /home/pi/turtlebot3_ws/install/turtlebot3_teleop/share/ament_index
[12.886s] creating /home/pi/turtlebot3_ws/install/turtlebot3_teleop/share/ament_index/resource_index
[12.893s] creating /home/pi/turtlebot3_ws/install/turtlebot3_teleop/share/ament_index/resource_index/packages
[12.894s] symbolically linking /home/pi/turtlebot3_ws/build/turtlebot3_teleop/resource/turtlebot3_teleop -> /home/pi/turtlebot3_ws/install/turtlebot3_teleop/share/ament_index/resource_index/packages
[12.900s] symbolically linking /home/pi/turtlebot3_ws/build/turtlebot3_teleop/package.xml -> /home/pi/turtlebot3_ws/install/turtlebot3_teleop/share/turtlebot3_teleop
[13.152s] Invoked command in '/home/pi/turtlebot3_ws/build/turtlebot3_teleop' returned '0': PYTHONPATH=/home/pi/turtlebot3_ws/build/turtlebot3_teleop/prefix_override:/usr/lib/python3/dist-packages/colcon_core/task/python/colcon_distutils_commands:/home/pi/turtlebot3_ws/install/turtlebot3_teleop/lib/python3.12/site-packages:${PYTHONPATH} /usr/bin/python3 -W ignore:setup.py install is deprecated -W ignore:easy_install command is deprecated setup.py develop --editable --build-directory /home/pi/turtlebot3_ws/build/turtlebot3_teleop/build --no-deps symlink_data
