[6.630s] Invoking command in '/home/pi/turtlebot3_ws/build/turtlebot3_teleop': PYTHONPATH=/home/pi/turtlebot3_ws/build/turtlebot3_teleop/prefix_override:/usr/lib/python3/dist-packages/colcon_core/task/python/colcon_distutils_commands:/home/pi/turtlebot3_ws/install/turtlebot3_teleop/lib/python3.12/site-packages:${PYTHONPATH} /usr/bin/python3 -W ignore:setup.py install is deprecated -W ignore:easy_install command is deprecated setup.py develop --editable --build-directory /home/pi/turtlebot3_ws/build/turtlebot3_teleop/build --no-deps symlink_data
[8.803s] running develop
[10.226s] /usr/lib/python3/dist-packages/setuptools/command/easy_install.py:363: UserWarning: Unbuilt egg for pytest-repeat [unknown version] (/usr/lib/python3/dist-packages)
[10.227s]   self.local_index = Environment(self.shadow_path + sys.path)
[10.575s] running egg_info
[10.575s] creating turtlebot3_teleop.egg-info
[10.725s] writing turtlebot3_teleop.egg-info/PKG-INFO
[10.728s] writing dependency_links to turtlebot3_teleop.egg-info/dependency_links.txt
[10.729s] writing entry points to turtlebot3_teleop.egg-info/entry_points.txt
[10.732s] writing requirements to turtlebot3_teleop.egg-info/requires.txt
[10.733s] writing top-level names to turtlebot3_teleop.egg-info/top_level.txt
[10.733s] writing manifest file 'turtlebot3_teleop.egg-info/SOURCES.txt'
[11.026s] reading manifest file 'turtlebot3_teleop.egg-info/SOURCES.txt'
[11.027s] writing manifest file 'turtlebot3_teleop.egg-info/SOURCES.txt'
[11.189s] running build_ext
[11.193s] Creating /home/pi/turtlebot3_ws/install/turtlebot3_teleop/lib/python3.12/site-packages/turtlebot3-teleop.egg-link (link to .)
[11.197s] Installing teleop_keyboard script to /home/pi/turtlebot3_ws/install/turtlebot3_teleop/lib/turtlebot3_teleop
[11.200s] 
[11.201s] Installed /home/pi/turtlebot3_ws/build/turtlebot3_teleop
[11.205s] running symlink_data
[11.206s] creating /home/pi/turtlebot3_ws/install/turtlebot3_teleop/share/ament_index
[11.210s] creating /home/pi/turtlebot3_ws/install/turtlebot3_teleop/share/ament_index/resource_index
[11.211s] creating /home/pi/turtlebot3_ws/install/turtlebot3_teleop/share/ament_index/resource_index/packages
[11.216s] symbolically linking /home/pi/turtlebot3_ws/build/turtlebot3_teleop/resource/turtlebot3_teleop -> /home/pi/turtlebot3_ws/install/turtlebot3_teleop/share/ament_index/resource_index/packages
[11.217s] symbolically linking /home/pi/turtlebot3_ws/build/turtlebot3_teleop/package.xml -> /home/pi/turtlebot3_ws/install/turtlebot3_teleop/share/turtlebot3_teleop
[11.462s] Invoked command in '/home/pi/turtlebot3_ws/build/turtlebot3_teleop' returned '0': PYTHONPATH=/home/pi/turtlebot3_ws/build/turtlebot3_teleop/prefix_override:/usr/lib/python3/dist-packages/colcon_core/task/python/colcon_distutils_commands:/home/pi/turtlebot3_ws/install/turtlebot3_teleop/lib/python3.12/site-packages:${PYTHONPATH} /usr/bin/python3 -W ignore:setup.py install is deprecated -W ignore:easy_install command is deprecated setup.py develop --editable --build-directory /home/pi/turtlebot3_ws/build/turtlebot3_teleop/build --no-deps symlink_data
