[6.447s] Invoking command in '/home/pi/turtlebot3_ws/build/turtlebot3_example': CMAKE_PREFIX_PATH=/home/pi/turtlebot3_ws/install/turtlebot3_msgs:/home/pi/turtlebot3_ws/install/turtlebot3:/home/pi/turtlebot3_ws/install/turtlebot3_bringup:/home/pi/turtlebot3_ws/install/turtlebot3_node:/home/pi/turtlebot3_ws/install/turtlebot3_navigation2:/home/pi/turtlebot3_ws/install/turtlebot3_description:/home/pi/turtlebot3_ws/install/turtlebot3_cartographer:/home/pi/turtlebot3_ws/install/sllidar_ros2:/home/pi/turtlebot3_ws/install/rplidar_ros:/home/pi/turtlebot3_ws/install/ld08_driver:/opt/ros/jazzy/opt/gz_sim_vendor:/opt/ros/jazzy/opt/gz_sensors_vendor:/opt/ros/jazzy/opt/gz_physics_vendor:/opt/ros/jazzy/opt/sdformat_vendor:/opt/ros/jazzy/opt/gz_gui_vendor:/opt/ros/jazzy/opt/gz_transport_vendor:/opt/ros/jazzy/opt/gz_rendering_vendor:/opt/ros/jazzy/opt/gz_plugin_vendor:/opt/ros/jazzy/opt/gz_fuel_tools_vendor:/opt/ros/jazzy/opt/gz_msgs_vendor:/opt/ros/jazzy/opt/gz_common_vendor:/opt/ros/jazzy/opt/gz_math_vendor:/opt/ros/jazzy/opt/gz_utils_vendor:/opt/ros/jazzy/opt/gz_tools_vendor:/opt/ros/jazzy/opt/gz_ogre_next_vendor:/opt/ros/jazzy/opt/gz_dartsim_vendor:/opt/ros/jazzy/opt/gz_cmake_vendor PYTHONPATH=/home/pi/turtlebot3_ws/build/turtlebot3_example/prefix_override:/usr/lib/python3/dist-packages/colcon_core/task/python/colcon_distutils_commands:/home/pi/turtlebot3_ws/install/turtlebot3_example/lib/python3.12/site-packages:/home/pi/turtlebot3_ws/install/turtlebot3_msgs/lib/python3.12/site-packages:/home/pi/turtlebot3_ws/build/turtlebot3_teleop:/home/pi/turtlebot3_ws/install/turtlebot3_teleop/lib/python3.12/site-packages:/home/pi/turtlebot3_ws/build/turtlebot3_example:/home/pi/turtlebot3_ws/install/turtlebot3_example/lib/python3.12/site-packages:/opt/ros/jazzy/lib/python3.12/site-packages /usr/bin/python3 -W ignore:setup.py install is deprecated -W ignore:easy_install command is deprecated setup.py develop --editable --build-directory /home/pi/turtlebot3_ws/build/turtlebot3_example/build --no-deps symlink_data
[8.512s] running develop
[9.613s] /usr/lib/python3/dist-packages/setuptools/command/easy_install.py:363: UserWarning: Unbuilt egg for pytest-repeat [unknown version] (/usr/lib/python3/dist-packages)
[9.614s]   self.local_index = Environment(self.shadow_path + sys.path)
[9.886s] running egg_info
[10.000s] writing turtlebot3_example.egg-info/PKG-INFO
[10.001s] writing dependency_links to turtlebot3_example.egg-info/dependency_links.txt
[10.006s] writing entry points to turtlebot3_example.egg-info/entry_points.txt
[10.010s] writing requirements to turtlebot3_example.egg-info/requires.txt
[10.015s] writing top-level names to turtlebot3_example.egg-info/top_level.txt
[10.260s] reading manifest file 'turtlebot3_example.egg-info/SOURCES.txt'
[10.265s] writing manifest file 'turtlebot3_example.egg-info/SOURCES.txt'
[10.385s] running build_ext
[10.385s] Creating /home/pi/turtlebot3_ws/install/turtlebot3_example/lib/python3.12/site-packages/turtlebot3-example.egg-link (link to .)
[10.389s] Installing turtlebot3_absolute_move script to /home/pi/turtlebot3_ws/install/turtlebot3_example/lib/turtlebot3_example
[10.390s] Installing turtlebot3_interactive_marker script to /home/pi/turtlebot3_ws/install/turtlebot3_example/lib/turtlebot3_example
[10.391s] Installing turtlebot3_obstacle_detection script to /home/pi/turtlebot3_ws/install/turtlebot3_example/lib/turtlebot3_example
[10.392s] Installing turtlebot3_patrol_client script to /home/pi/turtlebot3_ws/install/turtlebot3_example/lib/turtlebot3_example
[10.393s] Installing turtlebot3_patrol_server script to /home/pi/turtlebot3_ws/install/turtlebot3_example/lib/turtlebot3_example
[10.395s] Installing turtlebot3_relative_move script to /home/pi/turtlebot3_ws/install/turtlebot3_example/lib/turtlebot3_example
[10.397s] 
[10.397s] Installed /home/pi/turtlebot3_ws/build/turtlebot3_example
[10.398s] running symlink_data
[10.590s] Invoked command in '/home/pi/turtlebot3_ws/build/turtlebot3_example' returned '0': CMAKE_PREFIX_PATH=/home/pi/turtlebot3_ws/install/turtlebot3_msgs:/home/pi/turtlebot3_ws/install/turtlebot3:/home/pi/turtlebot3_ws/install/turtlebot3_bringup:/home/pi/turtlebot3_ws/install/turtlebot3_node:/home/pi/turtlebot3_ws/install/turtlebot3_navigation2:/home/pi/turtlebot3_ws/install/turtlebot3_description:/home/pi/turtlebot3_ws/install/turtlebot3_cartographer:/home/pi/turtlebot3_ws/install/sllidar_ros2:/home/pi/turtlebot3_ws/install/rplidar_ros:/home/pi/turtlebot3_ws/install/ld08_driver:/opt/ros/jazzy/opt/gz_sim_vendor:/opt/ros/jazzy/opt/gz_sensors_vendor:/opt/ros/jazzy/opt/gz_physics_vendor:/opt/ros/jazzy/opt/sdformat_vendor:/opt/ros/jazzy/opt/gz_gui_vendor:/opt/ros/jazzy/opt/gz_transport_vendor:/opt/ros/jazzy/opt/gz_rendering_vendor:/opt/ros/jazzy/opt/gz_plugin_vendor:/opt/ros/jazzy/opt/gz_fuel_tools_vendor:/opt/ros/jazzy/opt/gz_msgs_vendor:/opt/ros/jazzy/opt/gz_common_vendor:/opt/ros/jazzy/opt/gz_math_vendor:/opt/ros/jazzy/opt/gz_utils_vendor:/opt/ros/jazzy/opt/gz_tools_vendor:/opt/ros/jazzy/opt/gz_ogre_next_vendor:/opt/ros/jazzy/opt/gz_dartsim_vendor:/opt/ros/jazzy/opt/gz_cmake_vendor PYTHONPATH=/home/pi/turtlebot3_ws/build/turtlebot3_example/prefix_override:/usr/lib/python3/dist-packages/colcon_core/task/python/colcon_distutils_commands:/home/pi/turtlebot3_ws/install/turtlebot3_example/lib/python3.12/site-packages:/home/pi/turtlebot3_ws/install/turtlebot3_msgs/lib/python3.12/site-packages:/home/pi/turtlebot3_ws/build/turtlebot3_teleop:/home/pi/turtlebot3_ws/install/turtlebot3_teleop/lib/python3.12/site-packages:/home/pi/turtlebot3_ws/build/turtlebot3_example:/home/pi/turtlebot3_ws/install/turtlebot3_example/lib/python3.12/site-packages:/opt/ros/jazzy/lib/python3.12/site-packages /usr/bin/python3 -W ignore:setup.py install is deprecated -W ignore:easy_install command is deprecated setup.py develop --editable --build-directory /home/pi/turtlebot3_ws/build/turtlebot3_example/build --no-deps symlink_data
