[2.480s] Invoking command in '/home/pi/turtlebot3_ws/build/sllidar_ros2': CMAKE_PREFIX_PATH=${CMAKE_PREFIX_PATH}:/home/pi/turtlebot3_ws/install/my_robot_driver:/home/pi/turtlebot3_ws/install/turtlebot3_teleop:/home/pi/turtlebot3_ws/install/turtlebot3_example:/opt/ros/jazzy /usr/bin/cmake --build /home/pi/turtlebot3_ws/build/sllidar_ros2 -- -j4 -l4
[3.155s] [ 90%] Built target sllidar_node
[3.168s] [100%] Built target sllidar_client
[3.281s] Invoked command in '/home/pi/turtlebot3_ws/build/sllidar_ros2' returned '0': CMAKE_PREFIX_PATH=${CMAKE_PREFIX_PATH}:/home/pi/turtlebot3_ws/install/my_robot_driver:/home/pi/turtlebot3_ws/install/turtlebot3_teleop:/home/pi/turtlebot3_ws/install/turtlebot3_example:/opt/ros/jazzy /usr/bin/cmake --build /home/pi/turtlebot3_ws/build/sllidar_ros2 -- -j4 -l4
[3.291s] Invoking command in '/home/pi/turtlebot3_ws/build/sllidar_ros2': CMAKE_PREFIX_PATH=${CMAKE_PREFIX_PATH}:/home/pi/turtlebot3_ws/install/my_robot_driver:/home/pi/turtlebot3_ws/install/turtlebot3_teleop:/home/pi/turtlebot3_ws/install/turtlebot3_example:/opt/ros/jazzy /usr/bin/cmake --install /home/pi/turtlebot3_ws/build/sllidar_ros2
[3.365s] -- Install configuration: ""
[3.369s] -- Execute custom install script
[3.377s] -- Up-to-date symlink: /home/pi/turtlebot3_ws/install/sllidar_ros2/share/sllidar_ros2/launch/sllidar_a1_launch.py
[3.379s] -- Up-to-date symlink: /home/pi/turtlebot3_ws/install/sllidar_ros2/share/sllidar_ros2/launch/sllidar_a2m12_launch .py
[3.381s] -- Up-to-date symlink: /home/pi/turtlebot3_ws/install/sllidar_ros2/share/sllidar_ros2/launch/sllidar_a2m7_launch.py
[3.385s] -- Up-to-date symlink: /home/pi/turtlebot3_ws/install/sllidar_ros2/share/sllidar_ros2/launch/sllidar_a2m8_launch.py
[3.386s] -- Up-to-date symlink: /home/pi/turtlebot3_ws/install/sllidar_ros2/share/sllidar_ros2/launch/sllidar_a3_launch.py
[3.396s] -- Up-to-date symlink: /home/pi/turtlebot3_ws/install/sllidar_ros2/share/sllidar_ros2/launch/sllidar_c1_launch.py
[3.396s] -- Up-to-date symlink: /home/pi/turtlebot3_ws/install/sllidar_ros2/share/sllidar_ros2/launch/sllidar_s1_launch.py
[3.397s] -- Up-to-date symlink: /home/pi/turtlebot3_ws/install/sllidar_ros2/share/sllidar_ros2/launch/sllidar_s1_tcp_launch.py
[3.398s] -- Up-to-date symlink: /home/pi/turtlebot3_ws/install/sllidar_ros2/share/sllidar_ros2/launch/sllidar_s2_launch.py
[3.404s] -- Up-to-date symlink: /home/pi/turtlebot3_ws/install/sllidar_ros2/share/sllidar_ros2/launch/sllidar_s2e_launch.py
[3.405s] -- Up-to-date symlink: /home/pi/turtlebot3_ws/install/sllidar_ros2/share/sllidar_ros2/launch/sllidar_s3_launch.py
[3.413s] -- Up-to-date symlink: /home/pi/turtlebot3_ws/install/sllidar_ros2/share/sllidar_ros2/launch/sllidar_t1_launch.py
[3.414s] -- Up-to-date symlink: /home/pi/turtlebot3_ws/install/sllidar_ros2/share/sllidar_ros2/launch/view_sllidar_a1_launch.py
[3.421s] -- Up-to-date symlink: /home/pi/turtlebot3_ws/install/sllidar_ros2/share/sllidar_ros2/launch/view_sllidar_a2m12_launch.py
[3.422s] -- Up-to-date symlink: /home/pi/turtlebot3_ws/install/sllidar_ros2/share/sllidar_ros2/launch/view_sllidar_a2m7_launch.py
[3.422s] -- Up-to-date symlink: /home/pi/turtlebot3_ws/install/sllidar_ros2/share/sllidar_ros2/launch/view_sllidar_a2m8_launch.py
[3.431s] -- Up-to-date symlink: /home/pi/turtlebot3_ws/install/sllidar_ros2/share/sllidar_ros2/launch/view_sllidar_a3_launch.py
[3.431s] -- Up-to-date symlink: /home/pi/turtlebot3_ws/install/sllidar_ros2/share/sllidar_ros2/launch/view_sllidar_c1_launch.py
[3.432s] -- Up-to-date symlink: /home/pi/turtlebot3_ws/install/sllidar_ros2/share/sllidar_ros2/launch/view_sllidar_s1_launch.py
[3.433s] -- Up-to-date symlink: /home/pi/turtlebot3_ws/install/sllidar_ros2/share/sllidar_ros2/launch/view_sllidar_s1_tcp_launch.py
[3.439s] -- Up-to-date symlink: /home/pi/turtlebot3_ws/install/sllidar_ros2/share/sllidar_ros2/launch/view_sllidar_s2_launch.py
[3.440s] -- Up-to-date symlink: /home/pi/turtlebot3_ws/install/sllidar_ros2/share/sllidar_ros2/launch/view_sllidar_s2e_launch.py
[3.450s] -- Up-to-date symlink: /home/pi/turtlebot3_ws/install/sllidar_ros2/share/sllidar_ros2/launch/view_sllidar_s3_launch.py
[3.451s] -- Up-to-date symlink: /home/pi/turtlebot3_ws/install/sllidar_ros2/share/sllidar_ros2/launch/view_sllidar_t1_launch.py
[3.451s] -- Up-to-date symlink: /home/pi/turtlebot3_ws/install/sllidar_ros2/share/sllidar_ros2/rviz/sllidar_ros2.rviz
[3.458s] -- Up-to-date symlink: /home/pi/turtlebot3_ws/install/sllidar_ros2/lib/sllidar_ros2/sllidar_node
[3.461s] -- Up-to-date symlink: /home/pi/turtlebot3_ws/install/sllidar_ros2/lib/sllidar_ros2/sllidar_client
[3.462s] -- Up-to-date symlink: /home/pi/turtlebot3_ws/install/sllidar_ros2/share/ament_index/resource_index/package_run_dependencies/sllidar_ros2
[3.467s] -- Up-to-date symlink: /home/pi/turtlebot3_ws/install/sllidar_ros2/share/ament_index/resource_index/parent_prefix_path/sllidar_ros2
[3.469s] -- Up-to-date symlink: /home/pi/turtlebot3_ws/install/sllidar_ros2/share/sllidar_ros2/environment/ament_prefix_path.sh
[3.470s] -- Up-to-date symlink: /home/pi/turtlebot3_ws/install/sllidar_ros2/share/sllidar_ros2/environment/ament_prefix_path.dsv
[3.470s] -- Up-to-date symlink: /home/pi/turtlebot3_ws/install/sllidar_ros2/share/sllidar_ros2/environment/path.sh
[3.471s] -- Up-to-date symlink: /home/pi/turtlebot3_ws/install/sllidar_ros2/share/sllidar_ros2/environment/path.dsv
[3.474s] -- Up-to-date symlink: /home/pi/turtlebot3_ws/install/sllidar_ros2/share/sllidar_ros2/local_setup.bash
[3.478s] -- Up-to-date symlink: /home/pi/turtlebot3_ws/install/sllidar_ros2/share/sllidar_ros2/local_setup.sh
[3.479s] -- Up-to-date symlink: /home/pi/turtlebot3_ws/install/sllidar_ros2/share/sllidar_ros2/local_setup.zsh
[3.480s] -- Up-to-date symlink: /home/pi/turtlebot3_ws/install/sllidar_ros2/share/sllidar_ros2/local_setup.dsv
[3.480s] -- Symlinking: /home/pi/turtlebot3_ws/install/sllidar_ros2/share/sllidar_ros2/package.dsv
[3.581s] -- Up-to-date symlink: /home/pi/turtlebot3_ws/install/sllidar_ros2/share/ament_index/resource_index/packages/sllidar_ros2
[3.585s] -- Up-to-date symlink: /home/pi/turtlebot3_ws/install/sllidar_ros2/share/sllidar_ros2/cmake/ament_cmake_export_dependencies-extras.cmake
[3.588s] -- Up-to-date symlink: /home/pi/turtlebot3_ws/install/sllidar_ros2/share/sllidar_ros2/cmake/ament_cmake_export_include_directories-extras.cmake
[3.595s] -- Up-to-date symlink: /home/pi/turtlebot3_ws/install/sllidar_ros2/share/sllidar_ros2/cmake/sllidar_ros2Config.cmake
[3.597s] -- Up-to-date symlink: /home/pi/turtlebot3_ws/install/sllidar_ros2/share/sllidar_ros2/cmake/sllidar_ros2Config-version.cmake
[3.603s] -- Up-to-date symlink: /home/pi/turtlebot3_ws/install/sllidar_ros2/share/sllidar_ros2/package.xml
[3.609s] Invoked command in '/home/pi/turtlebot3_ws/build/sllidar_ros2' returned '0': CMAKE_PREFIX_PATH=${CMAKE_PREFIX_PATH}:/home/pi/turtlebot3_ws/install/my_robot_driver:/home/pi/turtlebot3_ws/install/turtlebot3_teleop:/home/pi/turtlebot3_ws/install/turtlebot3_example:/opt/ros/jazzy /usr/bin/cmake --install /home/pi/turtlebot3_ws/build/sllidar_ros2
